
**** Build of configuration Debug for project Bachelorprojekt ****

/home/edward/ti/ccs1220/ccs/utils/bin/gmake -k -j 4 all -O 
 
Building file: "../main.c"
Invoking: Arm Compiler
"/home/edward/ti/ccs1220/ccs/tools/compiler/ti-cgt-arm_20.2.7.LTS/bin/armcl" -mv7M4 --code_state=16 --float_support=FPv4SPD16 -me --opt_for_speed=5 --include_path="/home/edward/workspace_v12/Bachelorprojekt" --include_path="C:/ti/TivaWare_C_Series-2.2.0.295" --include_path="/home/edward/ti/ccs1220/ccs/tools/compiler/ti-cgt-arm_20.2.7.LTS/include" --define=ccs="ccs" --define=PART_TM4C1294NCPDT -g --gcc --diag_warning=225 --diag_wrap=off --display_error_number --abi=eabi --preproc_with_compile --preproc_dependency="main.d_raw"  "../main.c"
 
>> Compilation failure
subdir_rules.mk:7: recipe for target 'main.obj' failed
"../main.c", line 5: fatal error #1965: cannot open source file "inc/tm4c1294ncpdt.h"
1 catastrophic error detected in the compilation of "../main.c".
Compilation terminated.
gmake: *** [main.obj] Error 1
Building file: "../tm4c1294ncpdt_startup_ccs.c"
Invoking: Arm Compiler
"/home/edward/ti/ccs1220/ccs/tools/compiler/ti-cgt-arm_20.2.7.LTS/bin/armcl" -mv7M4 --code_state=16 --float_support=FPv4SPD16 -me --opt_for_speed=5 --include_path="/home/edward/workspace_v12/Bachelorprojekt" --include_path="C:/ti/TivaWare_C_Series-2.2.0.295" --include_path="/home/edward/ti/ccs1220/ccs/tools/compiler/ti-cgt-arm_20.2.7.LTS/include" --define=ccs="ccs" --define=PART_TM4C1294NCPDT -g --gcc --diag_warning=225 --diag_wrap=off --display_error_number --abi=eabi --preproc_with_compile --preproc_dependency="tm4c1294ncpdt_startup_ccs.d_raw"  "../tm4c1294ncpdt_startup_ccs.c"
Finished building: "../tm4c1294ncpdt_startup_ccs.c"
 
Building file: "../functions.c"
Invoking: Arm Compiler
"/home/edward/ti/ccs1220/ccs/tools/compiler/ti-cgt-arm_20.2.7.LTS/bin/armcl" -mv7M4 --code_state=16 --float_support=FPv4SPD16 -me --opt_for_speed=5 --include_path="/home/edward/workspace_v12/Bachelorprojekt" --include_path="C:/ti/TivaWare_C_Series-2.2.0.295" --include_path="/home/edward/ti/ccs1220/ccs/tools/compiler/ti-cgt-arm_20.2.7.LTS/include" --define=ccs="ccs" --define=PART_TM4C1294NCPDT -g --gcc --diag_warning=225 --diag_wrap=off --display_error_number --abi=eabi --preproc_with_compile --preproc_dependency="functions.d_raw"  "../functions.c"
Finished building: "../functions.c"
 
gmake: Target 'all' not remade because of errors.

**** Build Finished ****
