
**** Clean-only build of configuration Debug for project Bachelorprojekt ****

/home/edward/ti/ccs1220/ccs/utils/bin/gmake -k -j 4 clean -O 
 
rm -rf  "Bachelorprojekt.out" 
rm -rf "functions.obj" "main.obj" "tm4c1294ncpdt_startup_ccs.obj" 
rm -rf "functions.d" "main.d" "tm4c1294ncpdt_startup_ccs.d" 
Finished clean
 

**** Build Finished ****

**** Build of configuration Debug for project Bachelorprojekt ****

/home/edward/ti/ccs1220/ccs/utils/bin/gmake -k -j 4 all -O 
 
Building file: "../main.c"
Invoking: Arm Compiler
"/home/edward/ti/ccs1220/ccs/tools/compiler/ti-cgt-arm_20.2.7.LTS/bin/armcl" -mv7M4 --code_state=16 --float_support=FPv4SPD16 -me --opt_for_speed=5 --include_path="/home/edward/workspace_v12/Bachelorprojekt" --include_path="C:/ti/TivaWare_C_Series-2.2.0.295" --include_path="/home/edward/ti/ccs1220/ccs/tools/compiler/ti-cgt-arm_20.2.7.LTS/include" --define=ccs="ccs" --define=PART_TM4C1294NCPDT -g --gcc --diag_warning=225 --diag_wrap=off --display_error_number --abi=eabi --preproc_with_compile --preproc_dependency="main.d_raw"  "../main.c"
 
>> Compilation failure
subdir_rules.mk:7: recipe for target 'main.obj' failed
"../main.c", line 5: fatal error #1965: cannot open source file "inc/tm4c1294ncpdt.h"
1 catastrophic error detected in the compilation of "../main.c".
Compilation terminated.
gmake: *** [main.obj] Error 1
Building file: "../tm4c1294ncpdt_startup_ccs.c"
Invoking: Arm Compiler
"/home/edward/ti/ccs1220/ccs/tools/compiler/ti-cgt-arm_20.2.7.LTS/bin/armcl" -mv7M4 --code_state=16 --float_support=FPv4SPD16 -me --opt_for_speed=5 --include_path="/home/edward/workspace_v12/Bachelorprojekt" --include_path="C:/ti/TivaWare_C_Series-2.2.0.295" --include_path="/home/edward/ti/ccs1220/ccs/tools/compiler/ti-cgt-arm_20.2.7.LTS/include" --define=ccs="ccs" --define=PART_TM4C1294NCPDT -g --gcc --diag_warning=225 --diag_wrap=off --display_error_number --abi=eabi --preproc_with_compile --preproc_dependency="tm4c1294ncpdt_startup_ccs.d_raw"  "../tm4c1294ncpdt_startup_ccs.c"
Finished building: "../tm4c1294ncpdt_startup_ccs.c"
 
Building file: "../functions.c"
Invoking: Arm Compiler
"/home/edward/ti/ccs1220/ccs/tools/compiler/ti-cgt-arm_20.2.7.LTS/bin/armcl" -mv7M4 --code_state=16 --float_support=FPv4SPD16 -me --opt_for_speed=5 --include_path="/home/edward/workspace_v12/Bachelorprojekt" --include_path="C:/ti/TivaWare_C_Series-2.2.0.295" --include_path="/home/edward/ti/ccs1220/ccs/tools/compiler/ti-cgt-arm_20.2.7.LTS/include" --define=ccs="ccs" --define=PART_TM4C1294NCPDT -g --gcc --diag_warning=225 --diag_wrap=off --display_error_number --abi=eabi --preproc_with_compile --preproc_dependency="functions.d_raw"  "../functions.c"
Finished building: "../functions.c"
 
gmake: Target 'all' not remade because of errors.

**** Build Finished ****

**** Build of configuration Debug for project Bachelorprojekt ****

/home/edward/ti/ccs1220/ccs/utils/bin/gmake -k -j 4 all -O 
 
Building file: "../main.c"
Invoking: Arm Compiler
"/home/edward/ti/ccs1220/ccs/tools/compiler/ti-cgt-arm_20.2.7.LTS/bin/armcl" -mv7M4 --code_state=16 --float_support=FPv4SPD16 -me --opt_for_speed=5 --include_path="/home/edward/workspace_v12/Bachelorprojekt" --include_path="C:/ti/TivaWare_C_Series-2.2.0.295" --include_path="/home/edward/ti/ccs1220/ccs/tools/compiler/ti-cgt-arm_20.2.7.LTS/include" --define=ccs="ccs" --define=PART_TM4C1294NCPDT -g --gcc --diag_warning=225 --diag_wrap=off --display_error_number --abi=eabi --preproc_with_compile --preproc_dependency="main.d_raw"  "../main.c"
 
>> Compilation failure
subdir_rules.mk:7: recipe for target 'main.obj' failed
"../main.c", line 5: fatal error #1965: cannot open source file "inc/tm4c1294ncpdt.h"
1 catastrophic error detected in the compilation of "../main.c".
Compilation terminated.
gmake: *** [main.obj] Error 1
gmake: Target 'all' not remade because of errors.

**** Build Finished ****

**** Build of configuration Debug for project Bachelorprojekt ****

/home/edward/ti/ccs1220/ccs/utils/bin/gmake -k -j 4 all -O 
 
Building file: "../main.c"
Invoking: Arm Compiler
"/home/edward/ti/ccs1220/ccs/tools/compiler/ti-cgt-arm_20.2.7.LTS/bin/armcl" -mv7M4 --code_state=16 --float_support=FPv4SPD16 -me --opt_for_speed=5 --include_path="/home/edward/workspace_v12/Bachelorprojekt" --include_path="C:/ti/TivaWare_C_Series-2.2.0.295" --include_path="/home/edward/ti/ccs1220/ccs/tools/compiler/ti-cgt-arm_20.2.7.LTS/include" --define=ccs="ccs" --define=PART_TM4C1294NCPDT -g --gcc --diag_warning=225 --diag_wrap=off --display_error_number --abi=eabi --preproc_with_compile --preproc_dependency="main.d_raw"  "../main.c"
 
>> Compilation failure
subdir_rules.mk:7: recipe for target 'main.obj' failed
"../main.c", line 5: fatal error #1965: cannot open source file "inc/tm4c1294ncpdt.h"
1 catastrophic error detected in the compilation of "../main.c".
Compilation terminated.
gmake: *** [main.obj] Error 1
gmake: Target 'all' not remade because of errors.

**** Build Finished ****

**** Build of configuration Debug for project Bachelorprojekt ****

/home/edward/ti/ccs1220/ccs/utils/bin/gmake -k -j 4 all -O 
 
Building file: "../main.c"
Invoking: Arm Compiler
"/home/edward/ti/ccs1220/ccs/tools/compiler/ti-cgt-arm_20.2.7.LTS/bin/armcl" -mv7M4 --code_state=16 --float_support=FPv4SPD16 -me --opt_for_speed=5 --include_path="/home/edward/workspace_v12/Bachelorprojekt" --include_path="C:/ti/TivaWare_C_Series-2.2.0.295" --include_path="/home/edward/ti/ccs1220/ccs/tools/compiler/ti-cgt-arm_20.2.7.LTS/include" --define=ccs="ccs" --define=PART_TM4C1294NCPDT -g --gcc --diag_warning=225 --diag_wrap=off --display_error_number --abi=eabi --preproc_with_compile --preproc_dependency="main.d_raw"  "../main.c"
 
>> Compilation failure
subdir_rules.mk:7: recipe for target 'main.obj' failed
"../main.c", line 5: fatal error #1965: cannot open source file "inc/tm4c1294ncpdt.h"
1 catastrophic error detected in the compilation of "../main.c".
Compilation terminated.
gmake: *** [main.obj] Error 1
gmake: Target 'all' not remade because of errors.

**** Build Finished ****

**** Build of configuration Debug for project Bachelorprojekt ****

/home/edward/ti/ccs1220/ccs/utils/bin/gmake -k -j 4 all -O 
 
Building file: "../main.c"
Invoking: Arm Compiler
"/home/edward/ti/ccs1220/ccs/tools/compiler/ti-cgt-arm_20.2.7.LTS/bin/armcl" -mv7M4 --code_state=16 --float_support=FPv4SPD16 -me --opt_for_speed=5 --include_path="/home/edward/workspace_v12/Bachelorprojekt" --include_path="C:/ti/TivaWare_C_Series-2.2.0.295" --include_path="/home/edward/ti/ccs1220/ccs/tools/compiler/ti-cgt-arm_20.2.7.LTS/include" --define=ccs="ccs" --define=PART_TM4C1294NCPDT -g --gcc --diag_warning=225 --diag_wrap=off --display_error_number --abi=eabi --preproc_with_compile --preproc_dependency="main.d_raw"  "../main.c"
 
>> Compilation failure
subdir_rules.mk:7: recipe for target 'main.obj' failed
"../main.c", line 65: error #20: identifier "TIMER0_RIS_R" is undefined
"../main.c", line 66: error #20: identifier "TIMER0_ICR_R" is undefined
"../main.c", line 67: error #20: identifier "GPIO_PORTK_DATA_R" is undefined
"../main.c", line 36: warning #179-D: variable "i" was declared but never referenced
"../main.c", line 85: error #20: identifier "SYSCTL_RCGCGPIO_R" is undefined
"../main.c", line 86: error #20: identifier "SYSCTL_PRGPIO_R" is undefined
"../main.c", line 89: error #20: identifier "GPIO_PORTA_AHB_DEN_R" is undefined
"../main.c", line 90: error #20: identifier "GPIO_PORTA_AHB_DIR_R" is undefined
"../main.c", line 91: error #20: identifier "GPIO_PORTA_AHB_DATA_R" is undefined
"../main.c", line 94: error #20: identifier "GPIO_PORTP_DEN_R" is undefined
"../main.c", line 95: error #20: identifier "GPIO_PORTP_DIR_R" is undefined
"../main.c", line 96: error #20: identifier "GPIO_PORTP_AFSEL_R" is undefined
"../main.c", line 99: error #20: identifier "GPIO_PORTP_PCTL_R" is undefined
"../main.c", line 102: error #20: identifier "GPIO_PORTK_DEN_R" is undefined
"../main.c", line 103: error #20: identifier "GPIO_PORTK_DIR_R" is undefined
"../main.c", line 104: error #20: identifier "GPIO_PORTK_DATA_R" is undefined
"../main.c", line 107: error #20: identifier "GPIO_PORTM_DEN_R" is undefined
"../main.c", line 108: error #20: identifier "GPIO_PORTM_DIR_R" is undefined
"../main.c", line 109: error #20: identifier "GPIO_PORTM_AFSEL_R" is undefined
"../main.c", line 110: error #20: identifier "GPIO_PORTM_PCTL_R" is undefined
"../main.c", line 113: error #20: identifier "GPIO_PORTE_AHB_DEN_R" is undefined
"../main.c", line 114: error #20: identifier "GPIO_PORTE_AHB_DIR_R" is undefined
"../main.c", line 115: error #20: identifier "GPIO_PORTE_AHB_AFSEL_R" is undefined
"../main.c", line 116: error #20: identifier "GPIO_PORTE_AHB_AMSEL_R" is undefined
"../main.c", line 123: error #20: identifier "SYSCTL_RCGCTIMER_R" is undefined
"../main.c", line 124: error #20: identifier "SYSCTL_PRTIMER_R" is undefined
"../main.c", line 127: error #20: identifier "TIMER0_CTL_R" is undefined
"../main.c", line 128: error #20: identifier "TIMER0_CFG_R" is undefined
"../main.c", line 129: error #20: identifier "TIMER0_TAMR_R" is undefined
"../main.c", line 131: error #20: identifier "TIMER0_TAILR_R" is undefined
"../main.c", line 132: error #20: identifier "TIMER0_ICR_R" is undefined
"../main.c", line 139: error #20: identifier "TIMER1_CTL_R" is undefined
"../main.c", line 140: error #20: identifier "TIMER1_CFG_R" is undefined
"../main.c", line 141: error #20: identifier "TIMER1_TAMR_R" is undefined
"../main.c", line 142: error #20: identifier "TIMER1_TAILR_R" is undefined
"../main.c", line 143: error #20: identifier "TIMER1_ICR_R" is undefined
"../main.c", line 150: error #20: identifier "TIMER2_CTL_R" is undefined
"../main.c", line 151: error #20: identifier "TIMER2_CFG_R" is undefined
"../main.c", line 152: error #20: identifier "TIMER2_TAMR_R" is undefined
"../main.c", line 154: error #20: identifier "TIMER2_TAPR_R" is undefined
"../main.c", line 155: error #20: identifier "TIMER2_TAILR_R" is undefined
"../main.c", line 157: error #20: identifier "TIMER2_TAMATCHR_R" is undefined
"../main.c", line 161: error #20: identifier "TIMER3_CTL_R" is undefined
"../main.c", line 162: error #20: identifier "TIMER3_CFG_R" is undefined
"../main.c", line 163: error #20: identifier "TIMER3_TAMR_R" is undefined
"../main.c", line 164: error #20: identifier "TIMER3_TAILR_R" is undefined
"../main.c", line 165: error #20: identifier "TIMER3_ICR_R" is undefined
"../main.c", line 177: error #20: identifier "SYSCTL_RCGCADC_R" is undefined
"../main.c", line 178: error #20: identifier "SYSCTL_PRADC_R" is undefined
"../main.c", line 186: error #20: identifier "SYSCTL_RCGCUART_R" is undefined
"../main.c", line 187: error #20: identifier "SYSCTL_PRUART_R" is undefined
"../main.c", line 189: error #20: identifier "UART6_CTL_R" is undefined
"../main.c", line 190: error #20: identifier "UART6_IBRD_R" is undefined
"../main.c", line 191: error #20: identifier "UART6_FBRD_R" is undefined
"../main.c", line 193: error #20: identifier "UART6_LCRH_R" is undefined
"../main.c", line 194: error #20: identifier "UART6_CC_R" is undefined
"../main.c", line 203: error #20: identifier "GPIO_PORTA_AHB_DATA_R" is undefined
"../main.c", line 204: error #20: identifier "TIMER3_CTL_R" is undefined
"../main.c", line 205: error #20: identifier "TIMER3_RIS_R" is undefined
"../main.c", line 210: error #20: identifier "TIMER1_CTL_R" is undefined
"../main.c", line 215: error #20: identifier "TIMER1_TAV_R" is undefined
"../main.c", line 220: error #20: identifier "TIMER1_ICR_R" is undefined
"../main.c", line 222: error #20: identifier "TIMER3_ICR_R" is undefined
"../main.c", line 224: error #20: identifier "GPIO_PORTK_DATA_R" is undefined
"../main.c", line 231: error #20: identifier "GPIO_PORTK_DATA_R" is undefined
64 errors detected in the compilation of "../main.c".
gmake: *** [main.obj] Error 1
gmake: Target 'all' not remade because of errors.

**** Build Finished ****

**** Build of configuration Debug for project Bachelorprojekt ****

/home/edward/ti/ccs1220/ccs/utils/bin/gmake -k -j 4 all -O 
 
Building file: "../main.c"
Invoking: Arm Compiler
"/home/edward/ti/ccs1220/ccs/tools/compiler/ti-cgt-arm_20.2.7.LTS/bin/armcl" -mv7M4 --code_state=16 --float_support=FPv4SPD16 -me --opt_for_speed=5 --include_path="/home/edward/workspace_v12/Bachelorprojekt" --include_path="C:/ti/TivaWare_C_Series-2.2.0.295" --include_path="/home/edward/ti/ccs1220/ccs/tools/compiler/ti-cgt-arm_20.2.7.LTS/include" --define=ccs="ccs" --define=PART_TM4C1294NCPDT -g --gcc --diag_warning=225 --diag_wrap=off --display_error_number --abi=eabi --preproc_with_compile --preproc_dependency="main.d_raw"  "../main.c"
 
>> Compilation failure
subdir_rules.mk:7: recipe for target 'main.obj' failed
"../main.c", line 5: fatal error #1965: cannot open source file "inc/tm4c1294ncpdt.h"
1 catastrophic error detected in the compilation of "../main.c".
Compilation terminated.
gmake: *** [main.obj] Error 1
gmake: Target 'all' not remade because of errors.

**** Build Finished ****

**** Build of configuration Debug for project Bachelorprojekt ****

/home/edward/ti/ccs1220/ccs/utils/bin/gmake -k -j 4 all -O 
 
Building file: "../main.c"
Invoking: Arm Compiler
"/home/edward/ti/ccs1220/ccs/tools/compiler/ti-cgt-arm_20.2.7.LTS/bin/armcl" -mv7M4 --code_state=16 --float_support=FPv4SPD16 -me --opt_for_speed=5 --include_path="/home/edward/workspace_v12/Bachelorprojekt" --include_path="C:/ti/TivaWare_C_Series-2.2.0.295" --include_path="/home/edward/ti/ccs1220/ccs/tools/compiler/ti-cgt-arm_20.2.7.LTS/include" --define=ccs="ccs" --define=PART_TM4C1294NCPDT -g --gcc --diag_warning=225 --diag_wrap=off --display_error_number --abi=eabi --preproc_with_compile --preproc_dependency="main.d_raw"  "../main.c"
 
>> Compilation failure
subdir_rules.mk:7: recipe for target 'main.obj' failed
"../main.c", line 5: fatal error #1965: cannot open source file "inc/tm4c1294ncpdt.h"
1 catastrophic error detected in the compilation of "../main.c".
Compilation terminated.
gmake: *** [main.obj] Error 1
gmake: Target 'all' not remade because of errors.

**** Build Finished ****

**** Build of configuration Debug for project Bachelorprojekt ****

/home/edward/ti/ccs1220/ccs/utils/bin/gmake -k -j 4 all -O 
 
Building file: "../main.c"
Invoking: Arm Compiler
"/home/edward/ti/ccs1220/ccs/tools/compiler/ti-cgt-arm_20.2.7.LTS/bin/armcl" -mv7M4 --code_state=16 --float_support=FPv4SPD16 -me --opt_for_speed=5 --include_path="/home/edward/workspace_v12/Bachelorprojekt" --include_path="C:/ti/TivaWare_C_Series-2.2.0.295" --include_path="/home/edward/ti/ccs1220/ccs/tools/compiler/ti-cgt-arm_20.2.7.LTS/include" --define=ccs="ccs" --define=PART_TM4C1294NCPDT -g --gcc --diag_warning=225 --diag_wrap=off --display_error_number --abi=eabi --preproc_with_compile --preproc_dependency="main.d_raw"  "../main.c"
 
>> Compilation failure
subdir_rules.mk:7: recipe for target 'main.obj' failed
"../main.c", line 5: fatal error #1965: cannot open source file "inc/tm4c1294ncpdt.h"
1 catastrophic error detected in the compilation of "../main.c".
Compilation terminated.
gmake: *** [main.obj] Error 1
gmake: Target 'all' not remade because of errors.

**** Build Finished ****

**** Build of configuration Debug for project Bachelorprojekt ****

/home/edward/ti/ccs1220/ccs/utils/bin/gmake -k -j 4 all -O 
 
Building file: "../main.c"
Invoking: Arm Compiler
"/home/edward/ti/ccs1220/ccs/tools/compiler/ti-cgt-arm_20.2.7.LTS/bin/armcl" -mv7M4 --code_state=16 --float_support=FPv4SPD16 -me --opt_for_speed=5 --include_path="/home/edward/workspace_v12/Bachelorprojekt" --include_path="C:/ti/TivaWare_C_Series-2.2.0.295" --include_path="/home/edward/ti/ccs1220/ccs/tools/compiler/ti-cgt-arm_20.2.7.LTS/include" --define=ccs="ccs" --define=PART_TM4C1294NCPDT -g --gcc --diag_warning=225 --diag_wrap=off --display_error_number --abi=eabi --preproc_with_compile --preproc_dependency="main.d_raw"  "../main.c"
 
>> Compilation failure
subdir_rules.mk:7: recipe for target 'main.obj' failed
"../main.c", line 5: fatal error #1965: cannot open source file "inc/tm4c1294ncpdt.h"
1 catastrophic error detected in the compilation of "../main.c".
Compilation terminated.
gmake: *** [main.obj] Error 1
gmake: Target 'all' not remade because of errors.

**** Build Finished ****

**** Build of configuration Debug for project Bachelorprojekt_ed ****

/home/edward/ti/ccs1220/ccs/utils/bin/gmake -k -j 4 all -O 
 
functions.d:5: *** target pattern contains no '%'.  Stop.

**** Build Finished ****

**** Clean-only build of configuration Debug for project Bachelorprojekt ****

/home/edward/ti/ccs1220/ccs/utils/bin/gmake -k -j 4 clean -O 
 
rm -rf  "Bachelorprojekt.out" 
rm -rf "functions.obj" "main.obj" "tm4c1294ncpdt_startup_ccs.obj" 
rm -rf "functions.d" "main.d" "tm4c1294ncpdt_startup_ccs.d" 
Finished clean
 

**** Build Finished ****

**** Build of configuration Debug for project Bachelorprojekt ****

/home/edward/ti/ccs1220/ccs/utils/bin/gmake -k -j 4 all -O 
 
Building file: "../main.c"
Invoking: Arm Compiler
"/home/edward/ti/ccs1220/ccs/tools/compiler/ti-cgt-arm_20.2.7.LTS/bin/armcl" -mv7M4 --code_state=16 --float_support=FPv4SPD16 -me --opt_for_speed=5 --include_path="/home/edward/workspace_v12/Bachelorprojekt" --include_path="C:/ti/TivaWare_C_Series-2.2.0.295" --include_path="/home/edward/ti/ccs1220/ccs/tools/compiler/ti-cgt-arm_20.2.7.LTS/include" --define=ccs="ccs" --define=PART_TM4C1294NCPDT -g --gcc --diag_warning=225 --diag_wrap=off --display_error_number --abi=eabi --preproc_with_compile --preproc_dependency="main.d_raw"  "../main.c"
 
>> Compilation failure
subdir_rules.mk:7: recipe for target 'main.obj' failed
"../main.c", line 5: fatal error #1965: cannot open source file "inc/tm4c1294ncpdt.h"
1 catastrophic error detected in the compilation of "../main.c".
Compilation terminated.
gmake: *** [main.obj] Error 1
Building file: "../tm4c1294ncpdt_startup_ccs.c"
Invoking: Arm Compiler
"/home/edward/ti/ccs1220/ccs/tools/compiler/ti-cgt-arm_20.2.7.LTS/bin/armcl" -mv7M4 --code_state=16 --float_support=FPv4SPD16 -me --opt_for_speed=5 --include_path="/home/edward/workspace_v12/Bachelorprojekt" --include_path="C:/ti/TivaWare_C_Series-2.2.0.295" --include_path="/home/edward/ti/ccs1220/ccs/tools/compiler/ti-cgt-arm_20.2.7.LTS/include" --define=ccs="ccs" --define=PART_TM4C1294NCPDT -g --gcc --diag_warning=225 --diag_wrap=off --display_error_number --abi=eabi --preproc_with_compile --preproc_dependency="tm4c1294ncpdt_startup_ccs.d_raw"  "../tm4c1294ncpdt_startup_ccs.c"
Finished building: "../tm4c1294ncpdt_startup_ccs.c"
 
Building file: "../functions.c"
Invoking: Arm Compiler
"/home/edward/ti/ccs1220/ccs/tools/compiler/ti-cgt-arm_20.2.7.LTS/bin/armcl" -mv7M4 --code_state=16 --float_support=FPv4SPD16 -me --opt_for_speed=5 --include_path="/home/edward/workspace_v12/Bachelorprojekt" --include_path="C:/ti/TivaWare_C_Series-2.2.0.295" --include_path="/home/edward/ti/ccs1220/ccs/tools/compiler/ti-cgt-arm_20.2.7.LTS/include" --define=ccs="ccs" --define=PART_TM4C1294NCPDT -g --gcc --diag_warning=225 --diag_wrap=off --display_error_number --abi=eabi --preproc_with_compile --preproc_dependency="functions.d_raw"  "../functions.c"
Finished building: "../functions.c"
 
gmake: Target 'all' not remade because of errors.

**** Build Finished ****

**** Build of configuration Debug for project ccs-project-0-linux ****

/home/edward/ti/ccs1220/ccs/utils/bin/gmake -k -j 4 all -O 
 
Building file: "../main.c"
Invoking: Arm Compiler
"/home/edward/ti/ccs1220/ccs/tools/compiler/ti-cgt-arm_20.2.7.LTS/bin/armcl" -mv7M4 --code_state=16 --float_support=FPv4SPD16 -me --include_path="/home/edward/workspace_v12/ccs-project-0-linux" --include_path="/home/edward/ti/TivaWare_C_Series-2.2.0.295" --include_path="/home/edward/ti/ccs1220/ccs/tools/compiler/ti-cgt-arm_20.2.7.LTS/include" --define=ccs="ccs" --define=PART_TM4C1294NCPDT -g --gcc --diag_warning=225 --diag_wrap=off --display_error_number --abi=eabi --preproc_with_compile --preproc_dependency="main.d_raw"  "../main.c"
 
>> Compilation failure
subdir_rules.mk:7: recipe for target 'main.obj' failed
"../main.c", line 10: fatal error #1965: cannot open source file "inc/tm4c1294ncpdt.h"
1 catastrophic error detected in the compilation of "../main.c".
Compilation terminated.
gmake: *** [main.obj] Error 1
Building file: "../tm4c1294ncpdt_startup_ccs.c"
Invoking: Arm Compiler
"/home/edward/ti/ccs1220/ccs/tools/compiler/ti-cgt-arm_20.2.7.LTS/bin/armcl" -mv7M4 --code_state=16 --float_support=FPv4SPD16 -me --include_path="/home/edward/workspace_v12/ccs-project-0-linux" --include_path="/home/edward/ti/TivaWare_C_Series-2.2.0.295" --include_path="/home/edward/ti/ccs1220/ccs/tools/compiler/ti-cgt-arm_20.2.7.LTS/include" --define=ccs="ccs" --define=PART_TM4C1294NCPDT -g --gcc --diag_warning=225 --diag_wrap=off --display_error_number --abi=eabi --preproc_with_compile --preproc_dependency="tm4c1294ncpdt_startup_ccs.d_raw"  "../tm4c1294ncpdt_startup_ccs.c"
Finished building: "../tm4c1294ncpdt_startup_ccs.c"
 
gmake: Target 'all' not remade because of errors.

**** Build Finished ****

**** Build of configuration Debug for project ccs-project-0-linux ****

/home/edward/ti/ccs1220/ccs/utils/bin/gmake -k -j 4 all -O 
 
Building file: "../main.c"
Invoking: Arm Compiler
"/home/edward/ti/ccs1220/ccs/tools/compiler/ti-cgt-arm_20.2.7.LTS/bin/armcl" -mv7M4 --code_state=16 --float_support=FPv4SPD16 -me --include_path="/home/edward/workspace_v12/ccs-project-0-linux" --include_path="/home/edward/ti/SW-TM4C-2.2.0.295" --include_path="/home/edward/ti/ccs1220/ccs/tools/compiler/ti-cgt-arm_20.2.7.LTS/include" --define=ccs="ccs" --define=PART_TM4C1294NCPDT -g --gcc --diag_warning=225 --diag_wrap=off --display_error_number --abi=eabi --preproc_with_compile --preproc_dependency="main.d_raw"  "../main.c"
Finished building: "../main.c"
 
Building target: "ccs-project-0-linux.out"
Invoking: Arm Linker
"/home/edward/ti/ccs1220/ccs/tools/compiler/ti-cgt-arm_20.2.7.LTS/bin/armcl" -mv7M4 --code_state=16 --float_support=FPv4SPD16 -me --define=ccs="ccs" --define=PART_TM4C1294NCPDT -g --gcc --diag_warning=225 --diag_wrap=off --display_error_number --abi=eabi -z -m"ccs-project-0-linux.map" --heap_size=2048 --stack_size=2048 -i"/home/edward/ti/ccs1220/ccs/tools/compiler/ti-cgt-arm_20.2.7.LTS/lib" -i"/home/edward/ti/SW-TM4C-2.2.0.295/inc" -i"/home/edward/ti/ccs1220/ccs/tools/compiler/ti-cgt-arm_20.2.7.LTS/include" --reread_libs --diag_wrap=off --display_error_number --warn_sections --xml_link_info="ccs-project-0-linux_linkInfo.xml" --rom_model -o "ccs-project-0-linux.out" "./main.obj" "./tm4c1294ncpdt_startup_ccs.obj" "../tm4c1294ncpdt.cmd"  -llibc.a -l"/home/edward/ti/SW-TM4C-2.2.0.295/driverlib/ccs/Debug/driverlib.lib" 
<Linking>
Finished building target: "ccs-project-0-linux.out"
 

**** Build Finished ****

**** Build of configuration Debug for project ccs-project-0-linux ****

/home/edward/ti/ccs1220/ccs/utils/bin/gmake -k -j 4 all -O 
 
Building file: "../functions.c"
Invoking: Arm Compiler
"/home/edward/ti/ccs1220/ccs/tools/compiler/ti-cgt-arm_20.2.7.LTS/bin/armcl" -mv7M4 --code_state=16 --float_support=FPv4SPD16 -me --include_path="/home/edward/workspace_v12/ccs-project-0-linux" --include_path="/home/edward/ti/SW-TM4C-2.2.0.295" --include_path="/home/edward/ti/ccs1220/ccs/tools/compiler/ti-cgt-arm_20.2.7.LTS/include" --define=ccs="ccs" --define=PART_TM4C1294NCPDT -g --gcc --diag_warning=225 --diag_wrap=off --display_error_number --abi=eabi --preproc_with_compile --preproc_dependency="functions.d_raw"  "../functions.c"
Finished building: "../functions.c"
 
Building file: "../main.c"
Invoking: Arm Compiler
"/home/edward/ti/ccs1220/ccs/tools/compiler/ti-cgt-arm_20.2.7.LTS/bin/armcl" -mv7M4 --code_state=16 --float_support=FPv4SPD16 -me --include_path="/home/edward/workspace_v12/ccs-project-0-linux" --include_path="/home/edward/ti/SW-TM4C-2.2.0.295" --include_path="/home/edward/ti/ccs1220/ccs/tools/compiler/ti-cgt-arm_20.2.7.LTS/include" --define=ccs="ccs" --define=PART_TM4C1294NCPDT -g --gcc --diag_warning=225 --diag_wrap=off --display_error_number --abi=eabi --preproc_with_compile --preproc_dependency="main.d_raw"  "../main.c"
"../main.c", line 36: warning #179-D: variable "i" was declared but never referenced
Finished building: "../main.c"
 
Building target: "ccs-project-0-linux.out"
Invoking: Arm Linker
"/home/edward/ti/ccs1220/ccs/tools/compiler/ti-cgt-arm_20.2.7.LTS/bin/armcl" -mv7M4 --code_state=16 --float_support=FPv4SPD16 -me --define=ccs="ccs" --define=PART_TM4C1294NCPDT -g --gcc --diag_warning=225 --diag_wrap=off --display_error_number --abi=eabi -z -m"ccs-project-0-linux.map" --heap_size=2048 --stack_size=2048 -i"/home/edward/ti/ccs1220/ccs/tools/compiler/ti-cgt-arm_20.2.7.LTS/lib" -i"/home/edward/ti/SW-TM4C-2.2.0.295/inc" -i"/home/edward/ti/ccs1220/ccs/tools/compiler/ti-cgt-arm_20.2.7.LTS/include" --reread_libs --diag_wrap=off --display_error_number --warn_sections --xml_link_info="ccs-project-0-linux_linkInfo.xml" --rom_model -o "ccs-project-0-linux.out" "./functions.obj" "./main.obj" "./tm4c1294ncpdt_startup_ccs.obj" "../tm4c1294ncpdt.cmd"  -llibc.a -l"/home/edward/ti/SW-TM4C-2.2.0.295/driverlib/ccs/Debug/driverlib.lib" 
<Linking>
Finished building target: "ccs-project-0-linux.out"
 

**** Build Finished ****

**** Build of configuration Debug for project ccs-project-0-linux ****

/home/edward/ti/ccs1220/ccs/utils/bin/gmake -k -j 4 all -O 
 
Building file: "../main.c"
Invoking: Arm Compiler
"/home/edward/ti/ccs1220/ccs/tools/compiler/ti-cgt-arm_20.2.7.LTS/bin/armcl" -mv7M4 --code_state=16 --float_support=FPv4SPD16 -me --include_path="/home/edward/workspace_v12/ccs-project-0-linux" --include_path="/home/edward/ti/SW-TM4C-2.2.0.295" --include_path="/home/edward/ti/ccs1220/ccs/tools/compiler/ti-cgt-arm_20.2.7.LTS/include" --define=ccs="ccs" --define=PART_TM4C1294NCPDT -g --gcc --diag_warning=225 --diag_wrap=off --display_error_number --abi=eabi --preproc_with_compile --preproc_dependency="main.d_raw"  "../main.c"
"../main.c", line 36: warning #179-D: variable "i" was declared but never referenced
Finished building: "../main.c"
 
Building target: "ccs-project-0-linux.out"
Invoking: Arm Linker
"/home/edward/ti/ccs1220/ccs/tools/compiler/ti-cgt-arm_20.2.7.LTS/bin/armcl" -mv7M4 --code_state=16 --float_support=FPv4SPD16 -me --define=ccs="ccs" --define=PART_TM4C1294NCPDT -g --gcc --diag_warning=225 --diag_wrap=off --display_error_number --abi=eabi -z -m"ccs-project-0-linux.map" --heap_size=2048 --stack_size=2048 -i"/home/edward/ti/ccs1220/ccs/tools/compiler/ti-cgt-arm_20.2.7.LTS/lib" -i"/home/edward/ti/SW-TM4C-2.2.0.295/inc" -i"/home/edward/ti/ccs1220/ccs/tools/compiler/ti-cgt-arm_20.2.7.LTS/include" --reread_libs --diag_wrap=off --display_error_number --warn_sections --xml_link_info="ccs-project-0-linux_linkInfo.xml" --rom_model -o "ccs-project-0-linux.out" "./functions.obj" "./main.obj" "./tm4c1294ncpdt_startup_ccs.obj" "../tm4c1294ncpdt.cmd"  -llibc.a -l"/home/edward/ti/SW-TM4C-2.2.0.295/driverlib/ccs/Debug/driverlib.lib" 
<Linking>
Finished building target: "ccs-project-0-linux.out"
 

**** Build Finished ****

**** Build of configuration Debug for project ccs-project-0-linux ****

/home/edward/ti/ccs1220/ccs/utils/bin/gmake -k -j 4 all -O 
 
gmake[1]: 'ccs-project-0-linux.out' is up to date.

**** Build Finished ****

**** Build of configuration Debug for project ccs-project-0-linux ****

/home/edward/ti/ccs1220/ccs/utils/bin/gmake -k -j 4 all -O 
 
gmake[1]: 'ccs-project-0-linux.out' is up to date.

**** Build Finished ****

**** Build of configuration Debug for project ccs-project-0-linux ****

/home/edward/ti/ccs1220/ccs/utils/bin/gmake -k -j 4 all -O 
 
gmake[1]: 'ccs-project-0-linux.out' is up to date.

**** Build Finished ****

**** Build of configuration Debug for project ccs-project-0-linux ****

/home/edward/ti/ccs1220/ccs/utils/bin/gmake -k -j 4 all -O 
 
Building file: "../main.c"
Invoking: Arm Compiler
"/home/edward/ti/ccs1220/ccs/tools/compiler/ti-cgt-arm_20.2.7.LTS/bin/armcl" -mv7M4 --code_state=16 --float_support=FPv4SPD16 -me --include_path="/home/edward/workspace_v12/ccs-project-0-linux" --include_path="/home/edward/ti/SW-TM4C-2.2.0.295" --include_path="/home/edward/ti/ccs1220/ccs/tools/compiler/ti-cgt-arm_20.2.7.LTS/include" --define=ccs="ccs" --define=PART_TM4C1294NCPDT -g --gcc --diag_warning=225 --diag_wrap=off --display_error_number --abi=eabi --preproc_with_compile --preproc_dependency="main.d_raw"  "../main.c"
"../main.c", line 36: warning #179-D: variable "i" was declared but never referenced
"../main.c", line 37: warning #179-D: variable "distance" was declared but never referenced
Finished building: "../main.c"
 
Building target: "ccs-project-0-linux.out"
Invoking: Arm Linker
"/home/edward/ti/ccs1220/ccs/tools/compiler/ti-cgt-arm_20.2.7.LTS/bin/armcl" -mv7M4 --code_state=16 --float_support=FPv4SPD16 -me --define=ccs="ccs" --define=PART_TM4C1294NCPDT -g --gcc --diag_warning=225 --diag_wrap=off --display_error_number --abi=eabi -z -m"ccs-project-0-linux.map" --heap_size=2048 --stack_size=2048 -i"/home/edward/ti/ccs1220/ccs/tools/compiler/ti-cgt-arm_20.2.7.LTS/lib" -i"/home/edward/ti/SW-TM4C-2.2.0.295/inc" -i"/home/edward/ti/ccs1220/ccs/tools/compiler/ti-cgt-arm_20.2.7.LTS/include" --reread_libs --diag_wrap=off --display_error_number --warn_sections --xml_link_info="ccs-project-0-linux_linkInfo.xml" --rom_model -o "ccs-project-0-linux.out" "./functions.obj" "./main.obj" "./tm4c1294ncpdt_startup_ccs.obj" "../tm4c1294ncpdt.cmd"  -llibc.a -l"/home/edward/ti/SW-TM4C-2.2.0.295/driverlib/ccs/Debug/driverlib.lib" 
<Linking>
Finished building target: "ccs-project-0-linux.out"
 

**** Build Finished ****

**** Build of configuration Debug for project ccs-project-0-linux ****

/home/edward/ti/ccs1220/ccs/utils/bin/gmake -k -j 4 all -O 
 
Building file: "../main.c"
Invoking: Arm Compiler
"/home/edward/ti/ccs1220/ccs/tools/compiler/ti-cgt-arm_20.2.7.LTS/bin/armcl" -mv7M4 --code_state=16 --float_support=FPv4SPD16 -me --include_path="/home/edward/workspace_v12/ccs-project-0-linux" --include_path="/home/edward/ti/SW-TM4C-2.2.0.295" --include_path="/home/edward/ti/ccs1220/ccs/tools/compiler/ti-cgt-arm_20.2.7.LTS/include" --define=ccs="ccs" --define=PART_TM4C1294NCPDT -g --gcc --diag_warning=225 --diag_wrap=off --display_error_number --abi=eabi --preproc_with_compile --preproc_dependency="main.d_raw"  "../main.c"
"../main.c", line 36: warning #179-D: variable "i" was declared but never referenced
"../main.c", line 37: warning #179-D: variable "distance" was declared but never referenced
Finished building: "../main.c"
 
Building target: "ccs-project-0-linux.out"
Invoking: Arm Linker
"/home/edward/ti/ccs1220/ccs/tools/compiler/ti-cgt-arm_20.2.7.LTS/bin/armcl" -mv7M4 --code_state=16 --float_support=FPv4SPD16 -me --define=ccs="ccs" --define=PART_TM4C1294NCPDT -g --gcc --diag_warning=225 --diag_wrap=off --display_error_number --abi=eabi -z -m"ccs-project-0-linux.map" --heap_size=2048 --stack_size=2048 -i"/home/edward/ti/ccs1220/ccs/tools/compiler/ti-cgt-arm_20.2.7.LTS/lib" -i"/home/edward/ti/SW-TM4C-2.2.0.295/inc" -i"/home/edward/ti/ccs1220/ccs/tools/compiler/ti-cgt-arm_20.2.7.LTS/include" --reread_libs --diag_wrap=off --display_error_number --warn_sections --xml_link_info="ccs-project-0-linux_linkInfo.xml" --rom_model -o "ccs-project-0-linux.out" "./functions.obj" "./main.obj" "./tm4c1294ncpdt_startup_ccs.obj" "../tm4c1294ncpdt.cmd"  -llibc.a -l"/home/edward/ti/SW-TM4C-2.2.0.295/driverlib/ccs/Debug/driverlib.lib" 
<Linking>
Finished building target: "ccs-project-0-linux.out"
 

**** Build Finished ****

**** Build of configuration Debug for project ccs-project-0-linux ****

/home/edward/ti/ccs1220/ccs/utils/bin/gmake -k -j 4 all -O 
 
gmake[1]: 'ccs-project-0-linux.out' is up to date.

**** Build Finished ****

**** Build of configuration Debug for project ccs-project-0-linux ****

/home/edward/ti/ccs1220/ccs/utils/bin/gmake -k -j 4 all -O 
 
Building file: "../main.c"
Invoking: Arm Compiler
"/home/edward/ti/ccs1220/ccs/tools/compiler/ti-cgt-arm_20.2.7.LTS/bin/armcl" -mv7M4 --code_state=16 --float_support=FPv4SPD16 -me --include_path="/home/edward/workspace_v12/ccs-project-0-linux" --include_path="/home/edward/ti/SW-TM4C-2.2.0.295" --include_path="/home/edward/ti/ccs1220/ccs/tools/compiler/ti-cgt-arm_20.2.7.LTS/include" --define=ccs="ccs" --define=PART_TM4C1294NCPDT -g --gcc --diag_warning=225 --diag_wrap=off --display_error_number --abi=eabi --preproc_with_compile --preproc_dependency="main.d_raw"  "../main.c"
"../main.c", line 36: warning #179-D: variable "i" was declared but never referenced
"../main.c", line 37: warning #179-D: variable "distance" was declared but never referenced
Finished building: "../main.c"
 
Building target: "ccs-project-0-linux.out"
Invoking: Arm Linker
"/home/edward/ti/ccs1220/ccs/tools/compiler/ti-cgt-arm_20.2.7.LTS/bin/armcl" -mv7M4 --code_state=16 --float_support=FPv4SPD16 -me --define=ccs="ccs" --define=PART_TM4C1294NCPDT -g --gcc --diag_warning=225 --diag_wrap=off --display_error_number --abi=eabi -z -m"ccs-project-0-linux.map" --heap_size=2048 --stack_size=2048 -i"/home/edward/ti/ccs1220/ccs/tools/compiler/ti-cgt-arm_20.2.7.LTS/lib" -i"/home/edward/ti/SW-TM4C-2.2.0.295/inc" -i"/home/edward/ti/ccs1220/ccs/tools/compiler/ti-cgt-arm_20.2.7.LTS/include" --reread_libs --diag_wrap=off --display_error_number --warn_sections --xml_link_info="ccs-project-0-linux_linkInfo.xml" --rom_model -o "ccs-project-0-linux.out" "./functions.obj" "./main.obj" "./tm4c1294ncpdt_startup_ccs.obj" "../tm4c1294ncpdt.cmd"  -llibc.a -l"/home/edward/ti/SW-TM4C-2.2.0.295/driverlib/ccs/Debug/driverlib.lib" 
<Linking>
Finished building target: "ccs-project-0-linux.out"
 

**** Build Finished ****

**** Build of configuration Debug for project ccs-project-0-linux ****

/home/edward/ti/ccs1220/ccs/utils/bin/gmake -k -j 4 all -O 
 
Building file: "../main.c"
Invoking: Arm Compiler
"/home/edward/ti/ccs1220/ccs/tools/compiler/ti-cgt-arm_20.2.7.LTS/bin/armcl" -mv7M4 --code_state=16 --float_support=FPv4SPD16 -me --include_path="/home/edward/workspace_v12/ccs-project-0-linux" --include_path="/home/edward/ti/SW-TM4C-2.2.0.295" --include_path="/home/edward/ti/ccs1220/ccs/tools/compiler/ti-cgt-arm_20.2.7.LTS/include" --define=ccs="ccs" --define=PART_TM4C1294NCPDT -g --gcc --diag_warning=225 --diag_wrap=off --display_error_number --abi=eabi --preproc_with_compile --preproc_dependency="main.d_raw"  "../main.c"
"../main.c", line 36: warning #179-D: variable "i" was declared but never referenced
Finished building: "../main.c"
 
Building target: "ccs-project-0-linux.out"
Invoking: Arm Linker
"/home/edward/ti/ccs1220/ccs/tools/compiler/ti-cgt-arm_20.2.7.LTS/bin/armcl" -mv7M4 --code_state=16 --float_support=FPv4SPD16 -me --define=ccs="ccs" --define=PART_TM4C1294NCPDT -g --gcc --diag_warning=225 --diag_wrap=off --display_error_number --abi=eabi -z -m"ccs-project-0-linux.map" --heap_size=2048 --stack_size=2048 -i"/home/edward/ti/ccs1220/ccs/tools/compiler/ti-cgt-arm_20.2.7.LTS/lib" -i"/home/edward/ti/SW-TM4C-2.2.0.295/inc" -i"/home/edward/ti/ccs1220/ccs/tools/compiler/ti-cgt-arm_20.2.7.LTS/include" --reread_libs --diag_wrap=off --display_error_number --warn_sections --xml_link_info="ccs-project-0-linux_linkInfo.xml" --rom_model -o "ccs-project-0-linux.out" "./functions.obj" "./main.obj" "./tm4c1294ncpdt_startup_ccs.obj" "../tm4c1294ncpdt.cmd"  -llibc.a -l"/home/edward/ti/SW-TM4C-2.2.0.295/driverlib/ccs/Debug/driverlib.lib" 
<Linking>
Finished building target: "ccs-project-0-linux.out"
 

**** Build Finished ****

**** Build of configuration Debug for project ccs-project-0-linux ****

/home/edward/ti/ccs1220/ccs/utils/bin/gmake -k -j 4 all -O 
 
Building file: "../main.c"
Invoking: Arm Compiler
"/home/edward/ti/ccs1220/ccs/tools/compiler/ti-cgt-arm_20.2.7.LTS/bin/armcl" -mv7M4 --code_state=16 --float_support=FPv4SPD16 -me --include_path="/home/edward/workspace_v12/ccs-project-0-linux" --include_path="/home/edward/ti/SW-TM4C-2.2.0.295" --include_path="/home/edward/ti/ccs1220/ccs/tools/compiler/ti-cgt-arm_20.2.7.LTS/include" --define=ccs="ccs" --define=PART_TM4C1294NCPDT -g --gcc --diag_warning=225 --diag_wrap=off --display_error_number --abi=eabi --preproc_with_compile --preproc_dependency="main.d_raw"  "../main.c"
"../main.c", line 36: warning #179-D: variable "i" was declared but never referenced
Finished building: "../main.c"
 
Building target: "ccs-project-0-linux.out"
Invoking: Arm Linker
"/home/edward/ti/ccs1220/ccs/tools/compiler/ti-cgt-arm_20.2.7.LTS/bin/armcl" -mv7M4 --code_state=16 --float_support=FPv4SPD16 -me --define=ccs="ccs" --define=PART_TM4C1294NCPDT -g --gcc --diag_warning=225 --diag_wrap=off --display_error_number --abi=eabi -z -m"ccs-project-0-linux.map" --heap_size=2048 --stack_size=2048 -i"/home/edward/ti/ccs1220/ccs/tools/compiler/ti-cgt-arm_20.2.7.LTS/lib" -i"/home/edward/ti/SW-TM4C-2.2.0.295/inc" -i"/home/edward/ti/ccs1220/ccs/tools/compiler/ti-cgt-arm_20.2.7.LTS/include" --reread_libs --diag_wrap=off --display_error_number --warn_sections --xml_link_info="ccs-project-0-linux_linkInfo.xml" --rom_model -o "ccs-project-0-linux.out" "./functions.obj" "./main.obj" "./tm4c1294ncpdt_startup_ccs.obj" "../tm4c1294ncpdt.cmd"  -llibc.a -l"/home/edward/ti/SW-TM4C-2.2.0.295/driverlib/ccs/Debug/driverlib.lib" 
<Linking>
Finished building target: "ccs-project-0-linux.out"
 

**** Build Finished ****

**** Build of configuration Debug for project ccs-project-0-linux ****

/home/edward/ti/ccs1220/ccs/utils/bin/gmake -k -j 4 all -O 
 
gmake[1]: 'ccs-project-0-linux.out' is up to date.

**** Build Finished ****

**** Build of configuration Debug for project b-broject ****

/home/edward/ti/ccs1220/ccs/utils/bin/gmake -k -j 4 all -O 
 
Building file: "../navigate.c"
Invoking: Arm Compiler
"/home/edward/ti/ccs1220/ccs/tools/compiler/ti-cgt-arm_20.2.7.LTS/bin/armcl" -mv7M4 --code_state=16 --float_support=FPv4SPD16 -me --include_path="/home/edward/workspace_v12/b-broject" --include_path="/home/edward/ti/SW-TM4C-2.2.0.295" --include_path="/home/edward/ti/ccs1220/ccs/tools/compiler/ti-cgt-arm_20.2.7.LTS/include" --define=ccs="ccs" --define=PART_TM4C1294NCPDT -g --gcc --diag_warning=225 --diag_wrap=off --display_error_number --abi=eabi --preproc_with_compile --preproc_dependency="navigate.d_raw"  "../navigate.c"
 
>> Compilation failure
subdir_rules.mk:7: recipe for target 'navigate.obj' failed
"../navigate.h", line 49: warning #1-D: last line of file ends without a newline
"../navigate.c", line 20: error #29: expected an expression
"../navigate.c", line 20: error #20: identifier "x" is undefined
"../navigate.c", line 22: error #29: expected an expression
"../navigate.c", line 22: error #20: identifier "y" is undefined
"../navigate.c", line 36: warning #169-D: argument of type "bool *" is incompatible with parameter of type "uint8_t *"
"../navigate.c", line 98: error #167: too few arguments in function call
"../navigate.c", line 119: error #167: too few arguments in function call
"../navigate.c", line 135: error #167: too few arguments in function call
"../navigate.c", line 163: error #29: expected an expression
"../navigate.c", line 163: error #20: identifier "i" is undefined
"../navigate.c", line 168: warning #169-D: argument of type "bool *" is incompatible with parameter of type "uint8_t *"
"../navigate.c", line 185: error #167: too few arguments in function call
"../navigate.c", line 190: error #29: expected an expression
"../navigate.c", line 190: error #20: identifier "x" is undefined
"../navigate.c", line 192: error #29: expected an expression
"../navigate.c", line 192: error #20: identifier "y" is undefined
"../navigate.c", line 205: error #256: type name is not allowed
"../navigate.c", line 205: error #66: expected a ";"
"../navigate.c", line 205: error #20: identifier "i" is undefined
"../navigate.c", line 213: warning #1-D: last line of file ends without a newline
17 errors detected in the compilation of "../navigate.c".
gmake: *** [navigate.obj] Error 1
"../navigate.h", line 49: warning #1-D: last line of file ends without a newline
Building file: "../uart.c"
Invoking: Arm Compiler
"/home/edward/ti/ccs1220/ccs/tools/compiler/ti-cgt-arm_20.2.7.LTS/bin/armcl" -mv7M4 --code_state=16 --float_support=FPv4SPD16 -me --include_path="/home/edward/workspace_v12/b-broject" --include_path="/home/edward/ti/SW-TM4C-2.2.0.295" --include_path="/home/edward/ti/ccs1220/ccs/tools/compiler/ti-cgt-arm_20.2.7.LTS/include" --define=ccs="ccs" --define=PART_TM4C1294NCPDT -g --gcc --diag_warning=225 --diag_wrap=off --display_error_number --abi=eabi --preproc_with_compile --preproc_dependency="uart.d_raw"  "../uart.c"
Finished building: "../uart.c"
 
Building file: "../main.c"
Invoking: Arm Compiler
"/home/edward/ti/ccs1220/ccs/tools/compiler/ti-cgt-arm_20.2.7.LTS/bin/armcl" -mv7M4 --code_state=16 --float_support=FPv4SPD16 -me --include_path="/home/edward/workspace_v12/b-broject" --include_path="/home/edward/ti/SW-TM4C-2.2.0.295" --include_path="/home/edward/ti/ccs1220/ccs/tools/compiler/ti-cgt-arm_20.2.7.LTS/include" --define=ccs="ccs" --define=PART_TM4C1294NCPDT -g --gcc --diag_warning=225 --diag_wrap=off --display_error_number --abi=eabi --preproc_with_compile --preproc_dependency="main.d_raw"  "../main.c"
Finished building: "../main.c"
 
Building file: "../ultrasonic.c"
Invoking: Arm Compiler
"/home/edward/ti/ccs1220/ccs/tools/compiler/ti-cgt-arm_20.2.7.LTS/bin/armcl" -mv7M4 --code_state=16 --float_support=FPv4SPD16 -me --include_path="/home/edward/workspace_v12/b-broject" --include_path="/home/edward/ti/SW-TM4C-2.2.0.295" --include_path="/home/edward/ti/ccs1220/ccs/tools/compiler/ti-cgt-arm_20.2.7.LTS/include" --define=ccs="ccs" --define=PART_TM4C1294NCPDT -g --gcc --diag_warning=225 --diag_wrap=off --display_error_number --abi=eabi --preproc_with_compile --preproc_dependency="ultrasonic.d_raw"  "../ultrasonic.c"
Finished building: "../ultrasonic.c"
 
Building file: "../controller.c"
Invoking: Arm Compiler
"/home/edward/ti/ccs1220/ccs/tools/compiler/ti-cgt-arm_20.2.7.LTS/bin/armcl" -mv7M4 --code_state=16 --float_support=FPv4SPD16 -me --include_path="/home/edward/workspace_v12/b-broject" --include_path="/home/edward/ti/SW-TM4C-2.2.0.295" --include_path="/home/edward/ti/ccs1220/ccs/tools/compiler/ti-cgt-arm_20.2.7.LTS/include" --define=ccs="ccs" --define=PART_TM4C1294NCPDT -g --gcc --diag_warning=225 --diag_wrap=off --display_error_number --abi=eabi --preproc_with_compile --preproc_dependency="controller.d_raw"  "../controller.c"
Finished building: "../controller.c"
 
gmake: Target 'all' not remade because of errors.

**** Build Finished ****

**** Build of configuration Debug for project b-broject ****

/home/edward/ti/ccs1220/ccs/utils/bin/gmake -k -j 4 all -O 
 
Building file: "../navigate.c"
Invoking: Arm Compiler
"/home/edward/ti/ccs1220/ccs/tools/compiler/ti-cgt-arm_20.2.7.LTS/bin/armcl" -mv7M4 --code_state=16 --float_support=FPv4SPD16 -me --include_path="/home/edward/workspace_v12/b-broject" --include_path="/home/edward/ti/SW-TM4C-2.2.0.295" --include_path="/home/edward/ti/ccs1220/ccs/tools/compiler/ti-cgt-arm_20.2.7.LTS/include" --define=ccs="ccs" --define=PART_TM4C1294NCPDT -g --gcc --diag_warning=225 --diag_wrap=off --display_error_number --abi=eabi --preproc_with_compile --preproc_dependency="navigate.d_raw"  "../navigate.c"
 
>> Compilation failure
subdir_rules.mk:7: recipe for target 'navigate.obj' failed
"../navigate.h", line 49: warning #1-D: last line of file ends without a newline
"../navigate.c", line 20: error #29: expected an expression
"../navigate.c", line 20: error #20: identifier "x" is undefined
"../navigate.c", line 22: error #29: expected an expression
"../navigate.c", line 22: error #20: identifier "y" is undefined
"../navigate.c", line 36: warning #169-D: argument of type "bool *" is incompatible with parameter of type "uint8_t *"
"../navigate.c", line 163: error #29: expected an expression
"../navigate.c", line 163: error #20: identifier "i" is undefined
"../navigate.c", line 168: warning #169-D: argument of type "bool *" is incompatible with parameter of type "uint8_t *"
"../navigate.c", line 190: error #29: expected an expression
"../navigate.c", line 190: error #20: identifier "x" is undefined
"../navigate.c", line 192: error #29: expected an expression
"../navigate.c", line 192: error #20: identifier "y" is undefined
"../navigate.c", line 205: error #256: type name is not allowed
"../navigate.c", line 205: error #66: expected a ";"
"../navigate.c", line 205: error #20: identifier "i" is undefined
13 errors detected in the compilation of "../navigate.c".
gmake: *** [navigate.obj] Error 1
gmake: Target 'all' not remade because of errors.

**** Build Finished ****

**** Build of configuration Debug for project b-broject ****

/home/edward/ti/ccs1220/ccs/utils/bin/gmake -k -j 4 all -O 
 
Building file: "../navigate.c"
Invoking: Arm Compiler
"/home/edward/ti/ccs1220/ccs/tools/compiler/ti-cgt-arm_20.2.7.LTS/bin/armcl" -mv7M4 --code_state=16 --float_support=FPv4SPD16 -me --include_path="/home/edward/workspace_v12/b-broject" --include_path="/home/edward/ti/SW-TM4C-2.2.0.295" --include_path="/home/edward/ti/ccs1220/ccs/tools/compiler/ti-cgt-arm_20.2.7.LTS/include" --define=ccs="ccs" --define=PART_TM4C1294NCPDT -g --gcc --diag_warning=225 --diag_wrap=off --display_error_number --abi=eabi --preproc_with_compile --preproc_dependency="navigate.d_raw"  "../navigate.c"
 
>> Compilation failure
subdir_rules.mk:7: recipe for target 'navigate.obj' failed
"../navigate.h", line 49: warning #1-D: last line of file ends without a newline
"../navigate.c", line 20: error #29: expected an expression
"../navigate.c", line 20: error #20: identifier "x" is undefined
"../navigate.c", line 22: error #29: expected an expression
"../navigate.c", line 22: error #20: identifier "y" is undefined
"../navigate.c", line 36: warning #169-D: argument of type "bool *" is incompatible with parameter of type "uint8_t *"
"../navigate.c", line 169: warning #169-D: argument of type "bool *" is incompatible with parameter of type "uint8_t *"
"../navigate.c", line 208: error #256: type name is not allowed
"../navigate.c", line 208: error #66: expected a ";"
"../navigate.c", line 208: error #20: identifier "i" is undefined
7 errors detected in the compilation of "../navigate.c".
gmake: *** [navigate.obj] Error 1
gmake: Target 'all' not remade because of errors.

**** Build Finished ****

**** Build of configuration Debug for project b-broject ****

/home/edward/ti/ccs1220/ccs/utils/bin/gmake -k -j 4 all -O 
 
Building file: "../navigate.c"
Invoking: Arm Compiler
"/home/edward/ti/ccs1220/ccs/tools/compiler/ti-cgt-arm_20.2.7.LTS/bin/armcl" -mv7M4 --code_state=16 --float_support=FPv4SPD16 -me --include_path="/home/edward/workspace_v12/b-broject" --include_path="/home/edward/ti/SW-TM4C-2.2.0.295" --include_path="/home/edward/ti/ccs1220/ccs/tools/compiler/ti-cgt-arm_20.2.7.LTS/include" --define=ccs="ccs" --define=PART_TM4C1294NCPDT -g --gcc --diag_warning=225 --diag_wrap=off --display_error_number --abi=eabi --preproc_with_compile --preproc_dependency="navigate.d_raw"  "../navigate.c"
 
>> Compilation failure
subdir_rules.mk:7: recipe for target 'navigate.obj' failed
"../navigate.h", line 49: warning #1-D: last line of file ends without a newline
"../navigate.c", line 20: error #29: expected an expression
"../navigate.c", line 20: error #20: identifier "x" is undefined
"../navigate.c", line 22: error #29: expected an expression
"../navigate.c", line 22: error #20: identifier "y" is undefined
"../navigate.c", line 36: warning #169-D: argument of type "bool *" is incompatible with parameter of type "uint8_t *"
4 errors detected in the compilation of "../navigate.c".
gmake: *** [navigate.obj] Error 1
gmake: Target 'all' not remade because of errors.

**** Build Finished ****

**** Build of configuration Debug for project b-broject ****

/home/edward/ti/ccs1220/ccs/utils/bin/gmake -k -j 4 all -O 
 
Building file: "../navigate.c"
Invoking: Arm Compiler
"/home/edward/ti/ccs1220/ccs/tools/compiler/ti-cgt-arm_20.2.7.LTS/bin/armcl" -mv7M4 --code_state=16 --float_support=FPv4SPD16 -me --include_path="/home/edward/workspace_v12/b-broject" --include_path="/home/edward/ti/SW-TM4C-2.2.0.295" --include_path="/home/edward/ti/ccs1220/ccs/tools/compiler/ti-cgt-arm_20.2.7.LTS/include" --define=ccs="ccs" --define=PART_TM4C1294NCPDT -g --gcc --diag_warning=225 --diag_wrap=off --display_error_number --abi=eabi --preproc_with_compile --preproc_dependency="navigate.d_raw"  "../navigate.c"
"../navigate.h", line 49: warning #1-D: last line of file ends without a newline
"../navigate.c", line 38: warning #169-D: argument of type "bool *" is incompatible with parameter of type "uint8_t *"
Finished building: "../navigate.c"
 
Building target: "b-broject.out"
Invoking: Arm Linker
"/home/edward/ti/ccs1220/ccs/tools/compiler/ti-cgt-arm_20.2.7.LTS/bin/armcl" -mv7M4 --code_state=16 --float_support=FPv4SPD16 -me --define=ccs="ccs" --define=PART_TM4C1294NCPDT -g --gcc --diag_warning=225 --diag_wrap=off --display_error_number --abi=eabi -z -m"b-broject.map" --heap_size=2048 --stack_size=2048 -i"/home/edward/ti/ccs1220/ccs/tools/compiler/ti-cgt-arm_20.2.7.LTS/lib" -i"/home/edward/ti/SW-TM4C-2.2.0.295/inc" -i"/home/edward/ti/ccs1220/ccs/tools/compiler/ti-cgt-arm_20.2.7.LTS/include" --reread_libs --diag_wrap=off --display_error_number --warn_sections --xml_link_info="b-broject_linkInfo.xml" --rom_model -o "b-broject.out" "./controller.obj" "./main.obj" "./navigate.obj" "./tm4c1294ncpdt_startup_ccs.obj" "./uart.obj" "./ultrasonic.obj" "../tm4c1294ncpdt.cmd"  -llibc.a -l"/home/edward/ti/SW-TM4C-2.2.0.295/driverlib/ccs/Debug/driverlib.lib" 
<Linking>
Finished building target: "b-broject.out"
 

**** Build Finished ****

**** Build of configuration Debug for project b-broject ****

/home/edward/ti/ccs1220/ccs/utils/bin/gmake -k -j 4 all -O 
 
Building file: "../navigate.c"
Invoking: Arm Compiler
"/home/edward/ti/ccs1220/ccs/tools/compiler/ti-cgt-arm_20.2.7.LTS/bin/armcl" -mv7M4 --code_state=16 --float_support=FPv4SPD16 -me --include_path="/home/edward/workspace_v12/b-broject" --include_path="/home/edward/ti/SW-TM4C-2.2.0.295" --include_path="/home/edward/ti/ccs1220/ccs/tools/compiler/ti-cgt-arm_20.2.7.LTS/include" --define=ccs="ccs" --define=PART_TM4C1294NCPDT -g --gcc --diag_warning=225 --diag_wrap=off --display_error_number --abi=eabi --preproc_with_compile --preproc_dependency="navigate.d_raw"  "../navigate.c"
"../navigate.h", line 49: warning #1-D: last line of file ends without a newline
Finished building: "../navigate.c"
 
Building target: "b-broject.out"
Invoking: Arm Linker
"/home/edward/ti/ccs1220/ccs/tools/compiler/ti-cgt-arm_20.2.7.LTS/bin/armcl" -mv7M4 --code_state=16 --float_support=FPv4SPD16 -me --define=ccs="ccs" --define=PART_TM4C1294NCPDT -g --gcc --diag_warning=225 --diag_wrap=off --display_error_number --abi=eabi -z -m"b-broject.map" --heap_size=2048 --stack_size=2048 -i"/home/edward/ti/ccs1220/ccs/tools/compiler/ti-cgt-arm_20.2.7.LTS/lib" -i"/home/edward/ti/SW-TM4C-2.2.0.295/inc" -i"/home/edward/ti/ccs1220/ccs/tools/compiler/ti-cgt-arm_20.2.7.LTS/include" --reread_libs --diag_wrap=off --display_error_number --warn_sections --xml_link_info="b-broject_linkInfo.xml" --rom_model -o "b-broject.out" "./controller.obj" "./main.obj" "./navigate.obj" "./tm4c1294ncpdt_startup_ccs.obj" "./uart.obj" "./ultrasonic.obj" "../tm4c1294ncpdt.cmd"  -llibc.a -l"/home/edward/ti/SW-TM4C-2.2.0.295/driverlib/ccs/Debug/driverlib.lib" 
<Linking>
Finished building target: "b-broject.out"
 

**** Build Finished ****

**** Build of configuration Debug for project b-broject ****

/home/edward/ti/ccs1220/ccs/utils/bin/gmake -k -j 4 all -O 
 
Building file: "../main.c"
Invoking: Arm Compiler
"/home/edward/ti/ccs1220/ccs/tools/compiler/ti-cgt-arm_20.2.7.LTS/bin/armcl" -mv7M4 --code_state=16 --float_support=FPv4SPD16 -me --include_path="/home/edward/workspace_v12/b-broject" --include_path="/home/edward/ti/SW-TM4C-2.2.0.295" --include_path="/home/edward/ti/ccs1220/ccs/tools/compiler/ti-cgt-arm_20.2.7.LTS/include" --define=ccs="ccs" --define=PART_TM4C1294NCPDT -g --gcc --diag_warning=225 --diag_wrap=off --display_error_number --abi=eabi --preproc_with_compile --preproc_dependency="main.d_raw"  "../main.c"
Finished building: "../main.c"
 
Building file: "../navigate.c"
Invoking: Arm Compiler
"/home/edward/ti/ccs1220/ccs/tools/compiler/ti-cgt-arm_20.2.7.LTS/bin/armcl" -mv7M4 --code_state=16 --float_support=FPv4SPD16 -me --include_path="/home/edward/workspace_v12/b-broject" --include_path="/home/edward/ti/SW-TM4C-2.2.0.295" --include_path="/home/edward/ti/ccs1220/ccs/tools/compiler/ti-cgt-arm_20.2.7.LTS/include" --define=ccs="ccs" --define=PART_TM4C1294NCPDT -g --gcc --diag_warning=225 --diag_wrap=off --display_error_number --abi=eabi --preproc_with_compile --preproc_dependency="navigate.d_raw"  "../navigate.c"
Finished building: "../navigate.c"
 
Building target: "b-broject.out"
Invoking: Arm Linker
"/home/edward/ti/ccs1220/ccs/tools/compiler/ti-cgt-arm_20.2.7.LTS/bin/armcl" -mv7M4 --code_state=16 --float_support=FPv4SPD16 -me --define=ccs="ccs" --define=PART_TM4C1294NCPDT -g --gcc --diag_warning=225 --diag_wrap=off --display_error_number --abi=eabi -z -m"b-broject.map" --heap_size=2048 --stack_size=2048 -i"/home/edward/ti/ccs1220/ccs/tools/compiler/ti-cgt-arm_20.2.7.LTS/lib" -i"/home/edward/ti/SW-TM4C-2.2.0.295/inc" -i"/home/edward/ti/ccs1220/ccs/tools/compiler/ti-cgt-arm_20.2.7.LTS/include" --reread_libs --diag_wrap=off --display_error_number --warn_sections --xml_link_info="b-broject_linkInfo.xml" --rom_model -o "b-broject.out" "./controller.obj" "./main.obj" "./navigate.obj" "./tm4c1294ncpdt_startup_ccs.obj" "./uart.obj" "./ultrasonic.obj" "../tm4c1294ncpdt.cmd"  -llibc.a -l"/home/edward/ti/SW-TM4C-2.2.0.295/driverlib/ccs/Debug/driverlib.lib" 
<Linking>
Finished building target: "b-broject.out"
 

**** Build Finished ****

**** Build of configuration Debug for project b-broject ****

/home/edward/ti/ccs1220/ccs/utils/bin/gmake -k -j 4 all -O 
 
gmake[1]: 'b-broject.out' is up to date.

**** Build Finished ****

**** Build of configuration Debug for project b-broject ****

/home/edward/ti/ccs1220/ccs/utils/bin/gmake -k -j 4 all -O 
 
gmake[1]: 'b-broject.out' is up to date.

**** Build Finished ****

**** Build of configuration Debug for project b-broject ****

/home/edward/ti/ccs1220/ccs/utils/bin/gmake -k -j 4 all -O 
 
gmake[1]: 'b-broject.out' is up to date.

**** Build Finished ****

**** Build of configuration Debug for project b-broject ****

/home/edward/ti/ccs1220/ccs/utils/bin/gmake -k -j 4 all -O 
 
Building file: "../navigate.c"
Invoking: Arm Compiler
"/home/edward/ti/ccs1220/ccs/tools/compiler/ti-cgt-arm_20.2.7.LTS/bin/armcl" -mv7M4 --code_state=16 --float_support=FPv4SPD16 -me --include_path="/home/edward/workspace_v12/b-broject" --include_path="/home/edward/ti/SW-TM4C-2.2.0.295" --include_path="/home/edward/ti/ccs1220/ccs/tools/compiler/ti-cgt-arm_20.2.7.LTS/include" --define=ccs="ccs" --define=PART_TM4C1294NCPDT -g --gcc --diag_warning=225 --diag_wrap=off --display_error_number --abi=eabi --preproc_with_compile --preproc_dependency="navigate.d_raw"  "../navigate.c"
Finished building: "../navigate.c"
 
Building target: "b-broject.out"
Invoking: Arm Linker
"/home/edward/ti/ccs1220/ccs/tools/compiler/ti-cgt-arm_20.2.7.LTS/bin/armcl" -mv7M4 --code_state=16 --float_support=FPv4SPD16 -me --define=ccs="ccs" --define=PART_TM4C1294NCPDT -g --gcc --diag_warning=225 --diag_wrap=off --display_error_number --abi=eabi -z -m"b-broject.map" --heap_size=2048 --stack_size=2048 -i"/home/edward/ti/ccs1220/ccs/tools/compiler/ti-cgt-arm_20.2.7.LTS/lib" -i"/home/edward/ti/SW-TM4C-2.2.0.295/inc" -i"/home/edward/ti/ccs1220/ccs/tools/compiler/ti-cgt-arm_20.2.7.LTS/include" --reread_libs --diag_wrap=off --display_error_number --warn_sections --xml_link_info="b-broject_linkInfo.xml" --rom_model -o "b-broject.out" "./controller.obj" "./main.obj" "./navigate.obj" "./tm4c1294ncpdt_startup_ccs.obj" "./uart.obj" "./ultrasonic.obj" "../tm4c1294ncpdt.cmd"  -llibc.a -l"/home/edward/ti/SW-TM4C-2.2.0.295/driverlib/ccs/Debug/driverlib.lib" 
<Linking>
Finished building target: "b-broject.out"
 

**** Build Finished ****

**** Build of configuration Debug for project b-broject ****

/home/edward/ti/ccs1220/ccs/utils/bin/gmake -k -j 4 all -O 
 
Building file: "../main.c"
Invoking: Arm Compiler
"/home/edward/ti/ccs1220/ccs/tools/compiler/ti-cgt-arm_20.2.7.LTS/bin/armcl" -mv7M4 --code_state=16 --float_support=FPv4SPD16 -me --include_path="/home/edward/workspace_v12/b-broject" --include_path="/home/edward/ti/SW-TM4C-2.2.0.295" --include_path="/home/edward/ti/ccs1220/ccs/tools/compiler/ti-cgt-arm_20.2.7.LTS/include" --define=ccs="ccs" --define=PART_TM4C1294NCPDT -g --gcc --diag_warning=225 --diag_wrap=off --display_error_number --abi=eabi --preproc_with_compile --preproc_dependency="main.d_raw"  "../main.c"
Finished building: "../main.c"
 
Building file: "../navigate.c"
Invoking: Arm Compiler
"/home/edward/ti/ccs1220/ccs/tools/compiler/ti-cgt-arm_20.2.7.LTS/bin/armcl" -mv7M4 --code_state=16 --float_support=FPv4SPD16 -me --include_path="/home/edward/workspace_v12/b-broject" --include_path="/home/edward/ti/SW-TM4C-2.2.0.295" --include_path="/home/edward/ti/ccs1220/ccs/tools/compiler/ti-cgt-arm_20.2.7.LTS/include" --define=ccs="ccs" --define=PART_TM4C1294NCPDT -g --gcc --diag_warning=225 --diag_wrap=off --display_error_number --abi=eabi --preproc_with_compile --preproc_dependency="navigate.d_raw"  "../navigate.c"
Finished building: "../navigate.c"
 
Building target: "b-broject.out"
Invoking: Arm Linker
"/home/edward/ti/ccs1220/ccs/tools/compiler/ti-cgt-arm_20.2.7.LTS/bin/armcl" -mv7M4 --code_state=16 --float_support=FPv4SPD16 -me --define=ccs="ccs" --define=PART_TM4C1294NCPDT -g --gcc --diag_warning=225 --diag_wrap=off --display_error_number --abi=eabi -z -m"b-broject.map" --heap_size=2048 --stack_size=2048 -i"/home/edward/ti/ccs1220/ccs/tools/compiler/ti-cgt-arm_20.2.7.LTS/lib" -i"/home/edward/ti/SW-TM4C-2.2.0.295/inc" -i"/home/edward/ti/ccs1220/ccs/tools/compiler/ti-cgt-arm_20.2.7.LTS/include" --reread_libs --diag_wrap=off --display_error_number --warn_sections --xml_link_info="b-broject_linkInfo.xml" --rom_model -o "b-broject.out" "./controller.obj" "./main.obj" "./navigate.obj" "./tm4c1294ncpdt_startup_ccs.obj" "./uart.obj" "./ultrasonic.obj" "../tm4c1294ncpdt.cmd"  -llibc.a -l"/home/edward/ti/SW-TM4C-2.2.0.295/driverlib/ccs/Debug/driverlib.lib" 
<Linking>
Finished building target: "b-broject.out"
 

**** Build Finished ****

**** Build of configuration Debug for project b-broject ****

/home/edward/ti/ccs1220/ccs/utils/bin/gmake -k -j 4 all -O 
 
Building file: "../navigate.c"
Invoking: Arm Compiler
"/home/edward/ti/ccs1220/ccs/tools/compiler/ti-cgt-arm_20.2.7.LTS/bin/armcl" -mv7M4 --code_state=16 --float_support=FPv4SPD16 -me --include_path="/home/edward/workspace_v12/b-broject" --include_path="/home/edward/ti/SW-TM4C-2.2.0.295" --include_path="/home/edward/ti/ccs1220/ccs/tools/compiler/ti-cgt-arm_20.2.7.LTS/include" --define=ccs="ccs" --define=PART_TM4C1294NCPDT -g --gcc --diag_warning=225 --diag_wrap=off --display_error_number --abi=eabi --preproc_with_compile --preproc_dependency="navigate.d_raw"  "../navigate.c"
 
>> Compilation failure
subdir_rules.mk:7: recipe for target 'navigate.obj' failed
"../navigate.c", line 188: error #141: too many arguments in function call
1 error detected in the compilation of "../navigate.c".
gmake: *** [navigate.obj] Error 1
gmake: Target 'all' not remade because of errors.

**** Build Finished ****

**** Build of configuration Debug for project b-broject ****

/home/edward/ti/ccs1220/ccs/utils/bin/gmake -k -j 4 all -O 
 
Building file: "../main.c"
Invoking: Arm Compiler
"/home/edward/ti/ccs1220/ccs/tools/compiler/ti-cgt-arm_20.2.7.LTS/bin/armcl" -mv7M4 --code_state=16 --float_support=FPv4SPD16 -me --include_path="/home/edward/workspace_v12/b-broject" --include_path="/home/edward/ti/SW-TM4C-2.2.0.295" --include_path="/home/edward/ti/ccs1220/ccs/tools/compiler/ti-cgt-arm_20.2.7.LTS/include" --define=ccs="ccs" --define=PART_TM4C1294NCPDT -g --gcc --diag_warning=225 --diag_wrap=off --display_error_number --abi=eabi --preproc_with_compile --preproc_dependency="main.d_raw"  "../main.c"
Finished building: "../main.c"
 
Building file: "../navigate.c"
Invoking: Arm Compiler
"/home/edward/ti/ccs1220/ccs/tools/compiler/ti-cgt-arm_20.2.7.LTS/bin/armcl" -mv7M4 --code_state=16 --float_support=FPv4SPD16 -me --include_path="/home/edward/workspace_v12/b-broject" --include_path="/home/edward/ti/SW-TM4C-2.2.0.295" --include_path="/home/edward/ti/ccs1220/ccs/tools/compiler/ti-cgt-arm_20.2.7.LTS/include" --define=ccs="ccs" --define=PART_TM4C1294NCPDT -g --gcc --diag_warning=225 --diag_wrap=off --display_error_number --abi=eabi --preproc_with_compile --preproc_dependency="navigate.d_raw"  "../navigate.c"
Finished building: "../navigate.c"
 
Building target: "b-broject.out"
Invoking: Arm Linker
"/home/edward/ti/ccs1220/ccs/tools/compiler/ti-cgt-arm_20.2.7.LTS/bin/armcl" -mv7M4 --code_state=16 --float_support=FPv4SPD16 -me --define=ccs="ccs" --define=PART_TM4C1294NCPDT -g --gcc --diag_warning=225 --diag_wrap=off --display_error_number --abi=eabi -z -m"b-broject.map" --heap_size=2048 --stack_size=2048 -i"/home/edward/ti/ccs1220/ccs/tools/compiler/ti-cgt-arm_20.2.7.LTS/lib" -i"/home/edward/ti/SW-TM4C-2.2.0.295/inc" -i"/home/edward/ti/ccs1220/ccs/tools/compiler/ti-cgt-arm_20.2.7.LTS/include" --reread_libs --diag_wrap=off --display_error_number --warn_sections --xml_link_info="b-broject_linkInfo.xml" --rom_model -o "b-broject.out" "./controller.obj" "./main.obj" "./navigate.obj" "./tm4c1294ncpdt_startup_ccs.obj" "./uart.obj" "./ultrasonic.obj" "../tm4c1294ncpdt.cmd"  -llibc.a -l"/home/edward/ti/SW-TM4C-2.2.0.295/driverlib/ccs/Debug/driverlib.lib" 
<Linking>
Finished building target: "b-broject.out"
 

**** Build Finished ****

**** Build of configuration Debug for project b-broject ****

/home/edward/ti/ccs1220/ccs/utils/bin/gmake -k -j 4 all -O 
 
gmake[1]: 'b-broject.out' is up to date.

**** Build Finished ****

**** Build of configuration Debug for project b-broject ****

/home/edward/ti/ccs1220/ccs/utils/bin/gmake -k -j 4 all -O 
 
Building file: "../navigate.c"
Invoking: Arm Compiler
"/home/edward/ti/ccs1220/ccs/tools/compiler/ti-cgt-arm_20.2.7.LTS/bin/armcl" -mv7M4 --code_state=16 --float_support=FPv4SPD16 -me --include_path="/home/edward/workspace_v12/b-broject" --include_path="/home/edward/ti/SW-TM4C-2.2.0.295" --include_path="/home/edward/ti/ccs1220/ccs/tools/compiler/ti-cgt-arm_20.2.7.LTS/include" --define=ccs="ccs" --define=PART_TM4C1294NCPDT -g --gcc --diag_warning=225 --diag_wrap=off --display_error_number --abi=eabi --preproc_with_compile --preproc_dependency="navigate.d_raw"  "../navigate.c"
Finished building: "../navigate.c"
 
Building target: "b-broject.out"
Invoking: Arm Linker
"/home/edward/ti/ccs1220/ccs/tools/compiler/ti-cgt-arm_20.2.7.LTS/bin/armcl" -mv7M4 --code_state=16 --float_support=FPv4SPD16 -me --define=ccs="ccs" --define=PART_TM4C1294NCPDT -g --gcc --diag_warning=225 --diag_wrap=off --display_error_number --abi=eabi -z -m"b-broject.map" --heap_size=2048 --stack_size=2048 -i"/home/edward/ti/ccs1220/ccs/tools/compiler/ti-cgt-arm_20.2.7.LTS/lib" -i"/home/edward/ti/SW-TM4C-2.2.0.295/inc" -i"/home/edward/ti/ccs1220/ccs/tools/compiler/ti-cgt-arm_20.2.7.LTS/include" --reread_libs --diag_wrap=off --display_error_number --warn_sections --xml_link_info="b-broject_linkInfo.xml" --rom_model -o "b-broject.out" "./controller.obj" "./main.obj" "./navigate.obj" "./tm4c1294ncpdt_startup_ccs.obj" "./uart.obj" "./ultrasonic.obj" "../tm4c1294ncpdt.cmd"  -llibc.a -l"/home/edward/ti/SW-TM4C-2.2.0.295/driverlib/ccs/Debug/driverlib.lib" 
<Linking>
Finished building target: "b-broject.out"
 

**** Build Finished ****

**** Build of configuration Debug for project b-broject ****

/home/edward/ti/ccs1220/ccs/utils/bin/gmake -k -j 4 all -O 
 
Building file: "../navigate.c"
Invoking: Arm Compiler
"/home/edward/ti/ccs1220/ccs/tools/compiler/ti-cgt-arm_20.2.7.LTS/bin/armcl" -mv7M4 --code_state=16 --float_support=FPv4SPD16 -me --include_path="/home/edward/workspace_v12/b-broject" --include_path="/home/edward/ti/SW-TM4C-2.2.0.295" --include_path="/home/edward/ti/ccs1220/ccs/tools/compiler/ti-cgt-arm_20.2.7.LTS/include" --define=ccs="ccs" --define=PART_TM4C1294NCPDT -g --gcc --diag_warning=225 --diag_wrap=off --display_error_number --abi=eabi --preproc_with_compile --preproc_dependency="navigate.d_raw"  "../navigate.c"
 
>> Compilation failure
subdir_rules.mk:7: recipe for target 'navigate.obj' failed
"../navigate.c", line 159: error #167: too few arguments in function call
1 error detected in the compilation of "../navigate.c".
gmake: *** [navigate.obj] Error 1
Building file: "../main.c"
Invoking: Arm Compiler
"/home/edward/ti/ccs1220/ccs/tools/compiler/ti-cgt-arm_20.2.7.LTS/bin/armcl" -mv7M4 --code_state=16 --float_support=FPv4SPD16 -me --include_path="/home/edward/workspace_v12/b-broject" --include_path="/home/edward/ti/SW-TM4C-2.2.0.295" --include_path="/home/edward/ti/ccs1220/ccs/tools/compiler/ti-cgt-arm_20.2.7.LTS/include" --define=ccs="ccs" --define=PART_TM4C1294NCPDT -g --gcc --diag_warning=225 --diag_wrap=off --display_error_number --abi=eabi --preproc_with_compile --preproc_dependency="main.d_raw"  "../main.c"
Finished building: "../main.c"
 
gmake: Target 'all' not remade because of errors.

**** Build Finished ****

**** Build of configuration Debug for project b-broject ****

/home/edward/ti/ccs1220/ccs/utils/bin/gmake -k -j 4 all -O 
 
Building file: "../navigate.c"
Invoking: Arm Compiler
"/home/edward/ti/ccs1220/ccs/tools/compiler/ti-cgt-arm_20.2.7.LTS/bin/armcl" -mv7M4 --code_state=16 --float_support=FPv4SPD16 -me --include_path="/home/edward/workspace_v12/b-broject" --include_path="/home/edward/ti/SW-TM4C-2.2.0.295" --include_path="/home/edward/ti/ccs1220/ccs/tools/compiler/ti-cgt-arm_20.2.7.LTS/include" --define=ccs="ccs" --define=PART_TM4C1294NCPDT -g --gcc --diag_warning=225 --diag_wrap=off --display_error_number --abi=eabi --preproc_with_compile --preproc_dependency="navigate.d_raw"  "../navigate.c"
 
>> Compilation failure
subdir_rules.mk:7: recipe for target 'navigate.obj' failed
"../navigate.c", line 159: error #167: too few arguments in function call
1 error detected in the compilation of "../navigate.c".
gmake: *** [navigate.obj] Error 1
gmake: Target 'all' not remade because of errors.

**** Build Finished ****

**** Build of configuration Debug for project b-broject ****

/home/edward/ti/ccs1220/ccs/utils/bin/gmake -k -j 4 all -O 
 
Building file: "../navigate.c"
Invoking: Arm Compiler
"/home/edward/ti/ccs1220/ccs/tools/compiler/ti-cgt-arm_20.2.7.LTS/bin/armcl" -mv7M4 --code_state=16 --float_support=FPv4SPD16 -me --include_path="/home/edward/workspace_v12/b-broject" --include_path="/home/edward/ti/SW-TM4C-2.2.0.295" --include_path="/home/edward/ti/ccs1220/ccs/tools/compiler/ti-cgt-arm_20.2.7.LTS/include" --define=ccs="ccs" --define=PART_TM4C1294NCPDT -g --gcc --diag_warning=225 --diag_wrap=off --display_error_number --abi=eabi --preproc_with_compile --preproc_dependency="navigate.d_raw"  "../navigate.c"
Finished building: "../navigate.c"
 
Building target: "b-broject.out"
Invoking: Arm Linker
"/home/edward/ti/ccs1220/ccs/tools/compiler/ti-cgt-arm_20.2.7.LTS/bin/armcl" -mv7M4 --code_state=16 --float_support=FPv4SPD16 -me --define=ccs="ccs" --define=PART_TM4C1294NCPDT -g --gcc --diag_warning=225 --diag_wrap=off --display_error_number --abi=eabi -z -m"b-broject.map" --heap_size=2048 --stack_size=2048 -i"/home/edward/ti/ccs1220/ccs/tools/compiler/ti-cgt-arm_20.2.7.LTS/lib" -i"/home/edward/ti/SW-TM4C-2.2.0.295/inc" -i"/home/edward/ti/ccs1220/ccs/tools/compiler/ti-cgt-arm_20.2.7.LTS/include" --reread_libs --diag_wrap=off --display_error_number --warn_sections --xml_link_info="b-broject_linkInfo.xml" --rom_model -o "b-broject.out" "./controller.obj" "./main.obj" "./navigate.obj" "./tm4c1294ncpdt_startup_ccs.obj" "./uart.obj" "./ultrasonic.obj" "../tm4c1294ncpdt.cmd"  -llibc.a -l"/home/edward/ti/SW-TM4C-2.2.0.295/driverlib/ccs/Debug/driverlib.lib" 
<Linking>
Finished building target: "b-broject.out"
 

**** Build Finished ****

**** Build of configuration Debug for project b-broject ****

/home/edward/ti/ccs1220/ccs/utils/bin/gmake -k -j 4 all -O 
 
gmake[1]: 'b-broject.out' is up to date.

**** Build Finished ****

**** Build of configuration Debug for project b-broject ****

/home/edward/ti/ccs1220/ccs/utils/bin/gmake -k -j 4 all -O 
 
Building file: "../main.c"
Invoking: Arm Compiler
"/home/edward/ti/ccs1220/ccs/tools/compiler/ti-cgt-arm_20.2.7.LTS/bin/armcl" -mv7M4 --code_state=16 --float_support=FPv4SPD16 -me --include_path="/home/edward/workspace_v12/b-broject" --include_path="/home/edward/ti/SW-TM4C-2.2.0.295" --include_path="/home/edward/ti/ccs1220/ccs/tools/compiler/ti-cgt-arm_20.2.7.LTS/include" --define=ccs="ccs" --define=PART_TM4C1294NCPDT -g --gcc --diag_warning=225 --diag_wrap=off --display_error_number --abi=eabi --preproc_with_compile --preproc_dependency="main.d_raw"  "../main.c"
Finished building: "../main.c"
 
Building file: "../navigate.c"
Invoking: Arm Compiler
"/home/edward/ti/ccs1220/ccs/tools/compiler/ti-cgt-arm_20.2.7.LTS/bin/armcl" -mv7M4 --code_state=16 --float_support=FPv4SPD16 -me --include_path="/home/edward/workspace_v12/b-broject" --include_path="/home/edward/ti/SW-TM4C-2.2.0.295" --include_path="/home/edward/ti/ccs1220/ccs/tools/compiler/ti-cgt-arm_20.2.7.LTS/include" --define=ccs="ccs" --define=PART_TM4C1294NCPDT -g --gcc --diag_warning=225 --diag_wrap=off --display_error_number --abi=eabi --preproc_with_compile --preproc_dependency="navigate.d_raw"  "../navigate.c"
"../navigate.c", line 14: warning #176-D: expression has no effect
Finished building: "../navigate.c"
 
Building target: "b-broject.out"
Invoking: Arm Linker
"/home/edward/ti/ccs1220/ccs/tools/compiler/ti-cgt-arm_20.2.7.LTS/bin/armcl" -mv7M4 --code_state=16 --float_support=FPv4SPD16 -me --define=ccs="ccs" --define=PART_TM4C1294NCPDT -g --gcc --diag_warning=225 --diag_wrap=off --display_error_number --abi=eabi -z -m"b-broject.map" --heap_size=2048 --stack_size=2048 -i"/home/edward/ti/ccs1220/ccs/tools/compiler/ti-cgt-arm_20.2.7.LTS/lib" -i"/home/edward/ti/SW-TM4C-2.2.0.295/inc" -i"/home/edward/ti/ccs1220/ccs/tools/compiler/ti-cgt-arm_20.2.7.LTS/include" --reread_libs --diag_wrap=off --display_error_number --warn_sections --xml_link_info="b-broject_linkInfo.xml" --rom_model -o "b-broject.out" "./controller.obj" "./main.obj" "./navigate.obj" "./tm4c1294ncpdt_startup_ccs.obj" "./uart.obj" "./ultrasonic.obj" "../tm4c1294ncpdt.cmd"  -llibc.a -l"/home/edward/ti/SW-TM4C-2.2.0.295/driverlib/ccs/Debug/driverlib.lib" 
<Linking>
Finished building target: "b-broject.out"
 

**** Build Finished ****

**** Build of configuration Debug for project b-broject ****

/home/edward/ti/ccs1220/ccs/utils/bin/gmake -k -j 4 all -O 
 
Building file: "../navigate.c"
Invoking: Arm Compiler
"/home/edward/ti/ccs1220/ccs/tools/compiler/ti-cgt-arm_20.2.7.LTS/bin/armcl" -mv7M4 --code_state=16 --float_support=FPv4SPD16 -me --include_path="/home/edward/workspace_v12/b-broject" --include_path="/home/edward/ti/SW-TM4C-2.2.0.295" --include_path="/home/edward/ti/ccs1220/ccs/tools/compiler/ti-cgt-arm_20.2.7.LTS/include" --define=ccs="ccs" --define=PART_TM4C1294NCPDT -g --gcc --diag_warning=225 --diag_wrap=off --display_error_number --abi=eabi --preproc_with_compile --preproc_dependency="navigate.d_raw"  "../navigate.c"
Finished building: "../navigate.c"
 
Building target: "b-broject.out"
Invoking: Arm Linker
"/home/edward/ti/ccs1220/ccs/tools/compiler/ti-cgt-arm_20.2.7.LTS/bin/armcl" -mv7M4 --code_state=16 --float_support=FPv4SPD16 -me --define=ccs="ccs" --define=PART_TM4C1294NCPDT -g --gcc --diag_warning=225 --diag_wrap=off --display_error_number --abi=eabi -z -m"b-broject.map" --heap_size=2048 --stack_size=2048 -i"/home/edward/ti/ccs1220/ccs/tools/compiler/ti-cgt-arm_20.2.7.LTS/lib" -i"/home/edward/ti/SW-TM4C-2.2.0.295/inc" -i"/home/edward/ti/ccs1220/ccs/tools/compiler/ti-cgt-arm_20.2.7.LTS/include" --reread_libs --diag_wrap=off --display_error_number --warn_sections --xml_link_info="b-broject_linkInfo.xml" --rom_model -o "b-broject.out" "./controller.obj" "./main.obj" "./navigate.obj" "./tm4c1294ncpdt_startup_ccs.obj" "./uart.obj" "./ultrasonic.obj" "../tm4c1294ncpdt.cmd"  -llibc.a -l"/home/edward/ti/SW-TM4C-2.2.0.295/driverlib/ccs/Debug/driverlib.lib" 
<Linking>
Finished building target: "b-broject.out"
 

**** Build Finished ****

**** Build of configuration Debug for project b-broject ****

/home/edward/ti/ccs1220/ccs/utils/bin/gmake -k -j 4 all -O 
 
Building file: "../main.c"
Invoking: Arm Compiler
"/home/edward/ti/ccs1220/ccs/tools/compiler/ti-cgt-arm_20.2.7.LTS/bin/armcl" -mv7M4 --code_state=16 --float_support=FPv4SPD16 -me --include_path="/home/edward/workspace_v12/b-broject" --include_path="/home/edward/ti/SW-TM4C-2.2.0.295" --include_path="/home/edward/ti/ccs1220/ccs/tools/compiler/ti-cgt-arm_20.2.7.LTS/include" --define=ccs="ccs" --define=PART_TM4C1294NCPDT -g --gcc --diag_warning=225 --diag_wrap=off --display_error_number --abi=eabi --preproc_with_compile --preproc_dependency="main.d_raw"  "../main.c"
Finished building: "../main.c"
 
Building file: "../navigate.c"
Invoking: Arm Compiler
"/home/edward/ti/ccs1220/ccs/tools/compiler/ti-cgt-arm_20.2.7.LTS/bin/armcl" -mv7M4 --code_state=16 --float_support=FPv4SPD16 -me --include_path="/home/edward/workspace_v12/b-broject" --include_path="/home/edward/ti/SW-TM4C-2.2.0.295" --include_path="/home/edward/ti/ccs1220/ccs/tools/compiler/ti-cgt-arm_20.2.7.LTS/include" --define=ccs="ccs" --define=PART_TM4C1294NCPDT -g --gcc --diag_warning=225 --diag_wrap=off --display_error_number --abi=eabi --preproc_with_compile --preproc_dependency="navigate.d_raw"  "../navigate.c"
Finished building: "../navigate.c"
 
Building target: "b-broject.out"
Invoking: Arm Linker
"/home/edward/ti/ccs1220/ccs/tools/compiler/ti-cgt-arm_20.2.7.LTS/bin/armcl" -mv7M4 --code_state=16 --float_support=FPv4SPD16 -me --define=ccs="ccs" --define=PART_TM4C1294NCPDT -g --gcc --diag_warning=225 --diag_wrap=off --display_error_number --abi=eabi -z -m"b-broject.map" --heap_size=2048 --stack_size=2048 -i"/home/edward/ti/ccs1220/ccs/tools/compiler/ti-cgt-arm_20.2.7.LTS/lib" -i"/home/edward/ti/SW-TM4C-2.2.0.295/inc" -i"/home/edward/ti/ccs1220/ccs/tools/compiler/ti-cgt-arm_20.2.7.LTS/include" --reread_libs --diag_wrap=off --display_error_number --warn_sections --xml_link_info="b-broject_linkInfo.xml" --rom_model -o "b-broject.out" "./controller.obj" "./main.obj" "./navigate.obj" "./tm4c1294ncpdt_startup_ccs.obj" "./uart.obj" "./ultrasonic.obj" "../tm4c1294ncpdt.cmd"  -llibc.a -l"/home/edward/ti/SW-TM4C-2.2.0.295/driverlib/ccs/Debug/driverlib.lib" 
<Linking>
Finished building target: "b-broject.out"
 

**** Build Finished ****

**** Build of configuration Debug for project b-broject ****

/home/edward/ti/ccs1220/ccs/utils/bin/gmake -k -j 4 all -O 
 
gmake[1]: 'b-broject.out' is up to date.

**** Build Finished ****

**** Build of configuration Debug for project b-broject ****

/home/edward/ti/ccs1220/ccs/utils/bin/gmake -k -j 4 all -O 
 
gmake[1]: 'b-broject.out' is up to date.

**** Build Finished ****

**** Build of configuration Debug for project b-broject ****

/home/edward/ti/ccs1220/ccs/utils/bin/gmake -k -j 4 all -O 
 
gmake[1]: 'b-broject.out' is up to date.

**** Build Finished ****

**** Build of configuration Debug for project b-broject ****

/home/edward/ti/ccs1220/ccs/utils/bin/gmake -k -j 4 all -O 
 
gmake[1]: 'b-broject.out' is up to date.

**** Build Finished ****

**** Build of configuration Debug for project b-broject ****

/home/edward/ti/ccs1220/ccs/utils/bin/gmake -k -j 4 all -O 
 
Building file: "../navigate.c"
Invoking: Arm Compiler
"/home/edward/ti/ccs1220/ccs/tools/compiler/ti-cgt-arm_20.2.7.LTS/bin/armcl" -mv7M4 --code_state=16 --float_support=FPv4SPD16 -me --include_path="/home/edward/workspace_v12/b-broject" --include_path="/home/edward/ti/SW-TM4C-2.2.0.295" --include_path="/home/edward/ti/ccs1220/ccs/tools/compiler/ti-cgt-arm_20.2.7.LTS/include" --define=ccs="ccs" --define=PART_TM4C1294NCPDT -g --gcc --diag_warning=225 --diag_wrap=off --display_error_number --abi=eabi --preproc_with_compile --preproc_dependency="navigate.d_raw"  "../navigate.c"
Finished building: "../navigate.c"
 
Building target: "b-broject.out"
Invoking: Arm Linker
"/home/edward/ti/ccs1220/ccs/tools/compiler/ti-cgt-arm_20.2.7.LTS/bin/armcl" -mv7M4 --code_state=16 --float_support=FPv4SPD16 -me --define=ccs="ccs" --define=PART_TM4C1294NCPDT -g --gcc --diag_warning=225 --diag_wrap=off --display_error_number --abi=eabi -z -m"b-broject.map" --heap_size=2048 --stack_size=2048 -i"/home/edward/ti/ccs1220/ccs/tools/compiler/ti-cgt-arm_20.2.7.LTS/lib" -i"/home/edward/ti/SW-TM4C-2.2.0.295/inc" -i"/home/edward/ti/ccs1220/ccs/tools/compiler/ti-cgt-arm_20.2.7.LTS/include" --reread_libs --diag_wrap=off --display_error_number --warn_sections --xml_link_info="b-broject_linkInfo.xml" --rom_model -o "b-broject.out" "./controller.obj" "./main.obj" "./navigate.obj" "./tm4c1294ncpdt_startup_ccs.obj" "./uart.obj" "./ultrasonic.obj" "../tm4c1294ncpdt.cmd"  -llibc.a -l"/home/edward/ti/SW-TM4C-2.2.0.295/driverlib/ccs/Debug/driverlib.lib" 
<Linking>
Finished building target: "b-broject.out"
 

**** Build Finished ****

**** Build of configuration Debug for project b-broject ****

/home/edward/ti/ccs1220/ccs/utils/bin/gmake -k -j 4 all -O 
 
gmake[1]: 'b-broject.out' is up to date.

**** Build Finished ****

**** Build of configuration Debug for project b-broject ****

/home/edward/ti/ccs1220/ccs/utils/bin/gmake -k -j 4 all -O 
 
gmake[1]: 'b-broject.out' is up to date.

**** Build Finished ****

**** Build of configuration Debug for project b-broject ****

/home/edward/ti/ccs1220/ccs/utils/bin/gmake -k -j 4 all -O 
 
Building file: "../navigate.c"
Invoking: Arm Compiler
"/home/edward/ti/ccs1220/ccs/tools/compiler/ti-cgt-arm_20.2.7.LTS/bin/armcl" -mv7M4 --code_state=16 --float_support=FPv4SPD16 -me --include_path="/home/edward/workspace_v12/b-broject" --include_path="/home/edward/ti/SW-TM4C-2.2.0.295" --include_path="/home/edward/ti/ccs1220/ccs/tools/compiler/ti-cgt-arm_20.2.7.LTS/include" --define=ccs="ccs" --define=PART_TM4C1294NCPDT -g --gcc --diag_warning=225 --diag_wrap=off --display_error_number --abi=eabi --preproc_with_compile --preproc_dependency="navigate.d_raw"  "../navigate.c"
Finished building: "../navigate.c"
 
Building target: "b-broject.out"
Invoking: Arm Linker
"/home/edward/ti/ccs1220/ccs/tools/compiler/ti-cgt-arm_20.2.7.LTS/bin/armcl" -mv7M4 --code_state=16 --float_support=FPv4SPD16 -me --define=ccs="ccs" --define=PART_TM4C1294NCPDT -g --gcc --diag_warning=225 --diag_wrap=off --display_error_number --abi=eabi -z -m"b-broject.map" --heap_size=2048 --stack_size=2048 -i"/home/edward/ti/ccs1220/ccs/tools/compiler/ti-cgt-arm_20.2.7.LTS/lib" -i"/home/edward/ti/SW-TM4C-2.2.0.295/inc" -i"/home/edward/ti/ccs1220/ccs/tools/compiler/ti-cgt-arm_20.2.7.LTS/include" --reread_libs --diag_wrap=off --display_error_number --warn_sections --xml_link_info="b-broject_linkInfo.xml" --rom_model -o "b-broject.out" "./controller.obj" "./main.obj" "./navigate.obj" "./tm4c1294ncpdt_startup_ccs.obj" "./uart.obj" "./ultrasonic.obj" "../tm4c1294ncpdt.cmd"  -llibc.a -l"/home/edward/ti/SW-TM4C-2.2.0.295/driverlib/ccs/Debug/driverlib.lib" 
<Linking>
Finished building target: "b-broject.out"
 

**** Build Finished ****

**** Build of configuration Debug for project b-broject ****

/home/edward/ti/ccs1220/ccs/utils/bin/gmake -k -j 4 all -O 
 
Building file: "../navigate.c"
Invoking: Arm Compiler
"/home/edward/ti/ccs1220/ccs/tools/compiler/ti-cgt-arm_20.2.7.LTS/bin/armcl" -mv7M4 --code_state=16 --float_support=FPv4SPD16 -me --include_path="/home/edward/workspace_v12/b-broject" --include_path="/home/edward/ti/SW-TM4C-2.2.0.295" --include_path="/home/edward/ti/ccs1220/ccs/tools/compiler/ti-cgt-arm_20.2.7.LTS/include" --define=ccs="ccs" --define=PART_TM4C1294NCPDT -g --gcc --diag_warning=225 --diag_wrap=off --display_error_number --abi=eabi --preproc_with_compile --preproc_dependency="navigate.d_raw"  "../navigate.c"
 
>> Compilation failure
subdir_rules.mk:7: recipe for target 'navigate.obj' failed
"../navigate.c", line 44: error #20: identifier "x" is undefined
"../navigate.c", line 46: error #20: identifier "y" is undefined
"../navigate.c", line 53: warning #176-D: expression has no effect
"../navigate.c", line 67: error #255: expected a ","
"../navigate.c", line 64: warning #69-D: integer conversion resulted in a change of sign
"../navigate.c", line 65: warning #69-D: integer conversion resulted in a change of sign
"../navigate.c", line 68: warning #69-D: integer conversion resulted in a change of sign
"../navigate.c", line 72: error #18: expected a ")"
"../navigate.c", line 75: warning #12-D: parsing restarts here after previous syntax error
"../navigate.c", line 75: error #128: expected a statement
"../navigate.c", line 61: warning #179-D: variable "offset" was declared but never referenced
"../navigate.c", line 83: error #20: identifier "offset" is undefined
"../navigate.c", line 83: error #29: expected an expression
"../navigate.c", line 83: error #29: expected an expression
"../navigate.c", line 85: error #66: expected a ";"
"../navigate.c", line 107: warning #12-D: parsing restarts here after previous syntax error
"../navigate.c", line 110: error #117: a break statement may only be used within a loop or switch
"../navigate.c", line 111: error #123: a default label may only be used within a switch
"../navigate.c", line 112: error #117: a break statement may only be used within a loop or switch
"../navigate.c", line 114: error #171: expected a declaration
"../navigate.c", line 138: warning #12-D: parsing restarts here after previous syntax error
"../navigate.c", line 139: error #171: expected a declaration
"../navigate.c", line 141: error #171: expected a declaration
"../navigate.c", line 142: error #171: expected a declaration
"../navigate.c", line 144: error #171: expected a declaration
"../navigate.c", line 201: warning #12-D: parsing restarts here after previous syntax error
"../navigate.c", line 202: error #171: expected a declaration
"../navigate.c", line 209: warning #12-D: parsing restarts here after previous syntax error
"../navigate.c", line 211: warning #78-D: this declaration has no storage class or type specifier
"../navigate.c", line 211: warning #93-D: identifier-list parameters may only be used in a function definition
"../navigate.c", line 211: error #148: declaration is incompatible with "void set_field_visited(struct Robot *)" (declared at line 49 of "../navigate.h")
"../navigate.c", line 212: error #80: expected a type specifier
"../navigate.c", line 212: warning #78-D: this declaration has no storage class or type specifier
"../navigate.c", line 212: error #148: declaration is incompatible with "int printf(const char *__restrict__, ...)" (declared at line 246 of "/home/edward/ti/ccs1220/ccs/tools/compiler/ti-cgt-arm_20.2.7.LTS/include/stdio.h")
"../navigate.c", line 213: warning #78-D: this declaration has no storage class or type specifier
"../navigate.c", line 213: warning #93-D: identifier-list parameters may only be used in a function definition
"../navigate.c", line 213: error #148: declaration is incompatible with "void print_room(struct Robot *)" (declared at line 50 of "../navigate.h")
"../navigate.c", line 214: error #80: expected a type specifier
"../navigate.c", line 214: error #80: expected a type specifier
"../navigate.c", line 214: warning #78-D: this declaration has no storage class or type specifier
"../navigate.c", line 214: error #148: declaration is incompatible with "int scanf(const char *__restrict__, ...)" (declared at line 248 of "/home/edward/ti/ccs1220/ccs/tools/compiler/ti-cgt-arm_20.2.7.LTS/include/stdio.h")
"../navigate.c", line 215: error #80: expected a type specifier
"../navigate.c", line 215: warning #78-D: this declaration has no storage class or type specifier
"../navigate.c", line 215: error #148: declaration is incompatible with "void get_free_directions_from_sensors(uint8_t *)" (declared at line 17 of "../ultrasonic.h")
"../navigate.c", line 216: warning #78-D: this declaration has no storage class or type specifier
"../navigate.c", line 216: warning #93-D: identifier-list parameters may only be used in a function definition
"../navigate.c", line 216: error #148: declaration is incompatible with "void save_obstacles(struct Robot *)" (declared at line 56)
"../navigate.c", line 217: warning #78-D: this declaration has no storage class or type specifier
"../navigate.c", line 217: warning #93-D: identifier-list parameters may only be used in a function definition
"../navigate.c", line 217: error #148: declaration is incompatible with "void check_if_finished(struct Robot *)" (declared at line 43)
"../navigate.c", line 218: warning #78-D: this declaration has no storage class or type specifier
"../navigate.c", line 218: warning #93-D: identifier-list parameters may only be used in a function definition
"../navigate.c", line 218: error #148: declaration is incompatible with "void get_best_directions(struct Robot *)" (declared at line 78)
"../navigate.c", line 219: warning #78-D: this declaration has no storage class or type specifier
"../navigate.c", line 219: error #60: function call is not allowed in a constant expression
"../navigate.c", line 219: error #20: identifier "myrobot" is undefined
"../navigate.c", line 220: error #171: expected a declaration
At end of source: warning #12-D: parsing restarts here after previous syntax error
33 errors detected in the compilation of "../navigate.c".
gmake: *** [navigate.obj] Error 1
gmake: Target 'all' not remade because of errors.

**** Build Finished ****

**** Build of configuration Debug for project b-broject ****

/home/edward/ti/ccs1220/ccs/utils/bin/gmake -k -j 4 all -O 
 
Building file: "../navigate.c"
Invoking: Arm Compiler
"/home/edward/ti/ccs1220/ccs/tools/compiler/ti-cgt-arm_20.2.7.LTS/bin/armcl" -mv7M4 --code_state=16 --float_support=FPv4SPD16 -me --include_path="/home/edward/workspace_v12/b-broject" --include_path="/home/edward/ti/SW-TM4C-2.2.0.295" --include_path="/home/edward/ti/ccs1220/ccs/tools/compiler/ti-cgt-arm_20.2.7.LTS/include" --define=ccs="ccs" --define=PART_TM4C1294NCPDT -g --gcc --diag_warning=225 --diag_wrap=off --display_error_number --abi=eabi --preproc_with_compile --preproc_dependency="navigate.d_raw"  "../navigate.c"
 
>> Compilation failure
subdir_rules.mk:7: recipe for target 'navigate.obj' failed
"../navigate.c", line 44: error #20: identifier "x" is undefined
"../navigate.c", line 46: error #20: identifier "y" is undefined
"../navigate.c", line 53: warning #176-D: expression has no effect
"../navigate.c", line 67: error #255: expected a ","
"../navigate.c", line 64: warning #69-D: integer conversion resulted in a change of sign
"../navigate.c", line 65: warning #69-D: integer conversion resulted in a change of sign
"../navigate.c", line 68: warning #69-D: integer conversion resulted in a change of sign
"../navigate.c", line 72: error #18: expected a ")"
"../navigate.c", line 75: warning #12-D: parsing restarts here after previous syntax error
"../navigate.c", line 75: error #128: expected a statement
"../navigate.c", line 61: warning #179-D: variable "offset" was declared but never referenced
5 errors detected in the compilation of "../navigate.c".
gmake: *** [navigate.obj] Error 1
gmake: Target 'all' not remade because of errors.

**** Build Finished ****

**** Build of configuration Debug for project b-broject ****

/home/edward/ti/ccs1220/ccs/utils/bin/gmake -k -j 4 all -O 
 
Building file: "../navigate.c"
Invoking: Arm Compiler
"/home/edward/ti/ccs1220/ccs/tools/compiler/ti-cgt-arm_20.2.7.LTS/bin/armcl" -mv7M4 --code_state=16 --float_support=FPv4SPD16 -me --include_path="/home/edward/workspace_v12/b-broject" --include_path="/home/edward/ti/SW-TM4C-2.2.0.295" --include_path="/home/edward/ti/ccs1220/ccs/tools/compiler/ti-cgt-arm_20.2.7.LTS/include" --define=ccs="ccs" --define=PART_TM4C1294NCPDT -g --gcc --diag_warning=225 --diag_wrap=off --display_error_number --abi=eabi --preproc_with_compile --preproc_dependency="navigate.d_raw"  "../navigate.c"
 
>> Compilation failure
subdir_rules.mk:7: recipe for target 'navigate.obj' failed
"../navigate.c", line 44: error #20: identifier "x" is undefined
"../navigate.c", line 46: error #20: identifier "y" is undefined
"../navigate.c", line 67: error #255: expected a ","
"../navigate.c", line 64: warning #69-D: integer conversion resulted in a change of sign
"../navigate.c", line 65: warning #69-D: integer conversion resulted in a change of sign
"../navigate.c", line 68: warning #69-D: integer conversion resulted in a change of sign
"../navigate.c", line 72: error #18: expected a ")"
"../navigate.c", line 75: warning #12-D: parsing restarts here after previous syntax error
"../navigate.c", line 75: error #128: expected a statement
"../navigate.c", line 61: warning #179-D: variable "offset" was declared but never referenced
5 errors detected in the compilation of "../navigate.c".
gmake: *** [navigate.obj] Error 1
gmake: Target 'all' not remade because of errors.

**** Build Finished ****

**** Build of configuration Debug for project b-broject ****

/home/edward/ti/ccs1220/ccs/utils/bin/gmake -k -j 4 all -O 
 
Building file: "../navigate.c"
Invoking: Arm Compiler
"/home/edward/ti/ccs1220/ccs/tools/compiler/ti-cgt-arm_20.2.7.LTS/bin/armcl" -mv7M4 --code_state=16 --float_support=FPv4SPD16 -me --include_path="/home/edward/workspace_v12/b-broject" --include_path="/home/edward/ti/SW-TM4C-2.2.0.295" --include_path="/home/edward/ti/ccs1220/ccs/tools/compiler/ti-cgt-arm_20.2.7.LTS/include" --define=ccs="ccs" --define=PART_TM4C1294NCPDT -g --gcc --diag_warning=225 --diag_wrap=off --display_error_number --abi=eabi --preproc_with_compile --preproc_dependency="navigate.d_raw"  "../navigate.c"
 
>> Compilation failure
subdir_rules.mk:7: recipe for target 'navigate.obj' failed
"../navigate.c", line 68: error #255: expected a ","
"../navigate.c", line 65: warning #69-D: integer conversion resulted in a change of sign
"../navigate.c", line 66: warning #69-D: integer conversion resulted in a change of sign
"../navigate.c", line 69: warning #69-D: integer conversion resulted in a change of sign
"../navigate.c", line 73: error #18: expected a ")"
"../navigate.c", line 76: warning #12-D: parsing restarts here after previous syntax error
"../navigate.c", line 76: error #128: expected a statement
"../navigate.c", line 62: warning #179-D: variable "offset" was declared but never referenced
3 errors detected in the compilation of "../navigate.c".
gmake: *** [navigate.obj] Error 1
gmake: Target 'all' not remade because of errors.

**** Build Finished ****

**** Build of configuration Debug for project b-broject ****

/home/edward/ti/ccs1220/ccs/utils/bin/gmake -k -j 4 all -O 
 
Building file: "../navigate.c"
Invoking: Arm Compiler
"/home/edward/ti/ccs1220/ccs/tools/compiler/ti-cgt-arm_20.2.7.LTS/bin/armcl" -mv7M4 --code_state=16 --float_support=FPv4SPD16 -me --include_path="/home/edward/workspace_v12/b-broject" --include_path="/home/edward/ti/SW-TM4C-2.2.0.295" --include_path="/home/edward/ti/ccs1220/ccs/tools/compiler/ti-cgt-arm_20.2.7.LTS/include" --define=ccs="ccs" --define=PART_TM4C1294NCPDT -g --gcc --diag_warning=225 --diag_wrap=off --display_error_number --abi=eabi --preproc_with_compile --preproc_dependency="navigate.d_raw"  "../navigate.c"
 
>> Compilation failure
subdir_rules.mk:7: recipe for target 'navigate.obj' failed
"../navigate.c", line 65: warning #69-D: integer conversion resulted in a change of sign
"../navigate.c", line 66: warning #69-D: integer conversion resulted in a change of sign
"../navigate.c", line 69: warning #69-D: integer conversion resulted in a change of sign
"../navigate.c", line 73: error #18: expected a ")"
"../navigate.c", line 76: warning #12-D: parsing restarts here after previous syntax error
"../navigate.c", line 76: error #128: expected a statement
"../navigate.c", line 62: warning #179-D: variable "offset" was declared but never referenced
2 errors detected in the compilation of "../navigate.c".
gmake: *** [navigate.obj] Error 1
gmake: Target 'all' not remade because of errors.

**** Build Finished ****

**** Build of configuration Debug for project b-broject ****

/home/edward/ti/ccs1220/ccs/utils/bin/gmake -k -j 4 all -O 
 
Building file: "../navigate.c"
Invoking: Arm Compiler
"/home/edward/ti/ccs1220/ccs/tools/compiler/ti-cgt-arm_20.2.7.LTS/bin/armcl" -mv7M4 --code_state=16 --float_support=FPv4SPD16 -me --include_path="/home/edward/workspace_v12/b-broject" --include_path="/home/edward/ti/SW-TM4C-2.2.0.295" --include_path="/home/edward/ti/ccs1220/ccs/tools/compiler/ti-cgt-arm_20.2.7.LTS/include" --define=ccs="ccs" --define=PART_TM4C1294NCPDT -g --gcc --diag_warning=225 --diag_wrap=off --display_error_number --abi=eabi --preproc_with_compile --preproc_dependency="navigate.d_raw"  "../navigate.c"
"../navigate.c", line 65: warning #69-D: integer conversion resulted in a change of sign
"../navigate.c", line 66: warning #69-D: integer conversion resulted in a change of sign
"../navigate.c", line 69: warning #69-D: integer conversion resulted in a change of sign
Finished building: "../navigate.c"
 
Building target: "b-broject.out"
Invoking: Arm Linker
"/home/edward/ti/ccs1220/ccs/tools/compiler/ti-cgt-arm_20.2.7.LTS/bin/armcl" -mv7M4 --code_state=16 --float_support=FPv4SPD16 -me --define=ccs="ccs" --define=PART_TM4C1294NCPDT -g --gcc --diag_warning=225 --diag_wrap=off --display_error_number --abi=eabi -z -m"b-broject.map" --heap_size=2048 --stack_size=2048 -i"/home/edward/ti/ccs1220/ccs/tools/compiler/ti-cgt-arm_20.2.7.LTS/lib" -i"/home/edward/ti/SW-TM4C-2.2.0.295/inc" -i"/home/edward/ti/ccs1220/ccs/tools/compiler/ti-cgt-arm_20.2.7.LTS/include" --reread_libs --diag_wrap=off --display_error_number --warn_sections --xml_link_info="b-broject_linkInfo.xml" --rom_model -o "b-broject.out" "./controller.obj" "./main.obj" "./navigate.obj" "./tm4c1294ncpdt_startup_ccs.obj" "./uart.obj" "./ultrasonic.obj" "../tm4c1294ncpdt.cmd"  -llibc.a -l"/home/edward/ti/SW-TM4C-2.2.0.295/driverlib/ccs/Debug/driverlib.lib" 
<Linking>
Finished building target: "b-broject.out"
 

**** Build Finished ****

**** Build of configuration Debug for project b-broject ****

/home/edward/ti/ccs1220/ccs/utils/bin/gmake -k -j 4 all -O 
 
Building file: "../navigate.c"
Invoking: Arm Compiler
"/home/edward/ti/ccs1220/ccs/tools/compiler/ti-cgt-arm_20.2.7.LTS/bin/armcl" -mv7M4 --code_state=16 --float_support=FPv4SPD16 -me --include_path="/home/edward/workspace_v12/b-broject" --include_path="/home/edward/ti/SW-TM4C-2.2.0.295" --include_path="/home/edward/ti/ccs1220/ccs/tools/compiler/ti-cgt-arm_20.2.7.LTS/include" --define=ccs="ccs" --define=PART_TM4C1294NCPDT -g --gcc --diag_warning=225 --diag_wrap=off --display_error_number --abi=eabi --preproc_with_compile --preproc_dependency="navigate.d_raw"  "../navigate.c"
Finished building: "../navigate.c"
 
Building target: "b-broject.out"
Invoking: Arm Linker
"/home/edward/ti/ccs1220/ccs/tools/compiler/ti-cgt-arm_20.2.7.LTS/bin/armcl" -mv7M4 --code_state=16 --float_support=FPv4SPD16 -me --define=ccs="ccs" --define=PART_TM4C1294NCPDT -g --gcc --diag_warning=225 --diag_wrap=off --display_error_number --abi=eabi -z -m"b-broject.map" --heap_size=2048 --stack_size=2048 -i"/home/edward/ti/ccs1220/ccs/tools/compiler/ti-cgt-arm_20.2.7.LTS/lib" -i"/home/edward/ti/SW-TM4C-2.2.0.295/inc" -i"/home/edward/ti/ccs1220/ccs/tools/compiler/ti-cgt-arm_20.2.7.LTS/include" --reread_libs --diag_wrap=off --display_error_number --warn_sections --xml_link_info="b-broject_linkInfo.xml" --rom_model -o "b-broject.out" "./controller.obj" "./main.obj" "./navigate.obj" "./tm4c1294ncpdt_startup_ccs.obj" "./uart.obj" "./ultrasonic.obj" "../tm4c1294ncpdt.cmd"  -llibc.a -l"/home/edward/ti/SW-TM4C-2.2.0.295/driverlib/ccs/Debug/driverlib.lib" 
<Linking>
Finished building target: "b-broject.out"
 

**** Build Finished ****

**** Build of configuration Debug for project b-broject ****

/home/edward/ti/ccs1220/ccs/utils/bin/gmake -k -j 4 all -O 
 
gmake[1]: 'b-broject.out' is up to date.

**** Build Finished ****

**** Build of configuration Debug for project b-broject ****

/home/edward/ti/ccs1220/ccs/utils/bin/gmake -k -j 4 all -O 
 
gmake[1]: 'b-broject.out' is up to date.

**** Build Finished ****

**** Build of configuration Debug for project b-broject ****

/home/edward/ti/ccs1220/ccs/utils/bin/gmake -k -j 4 all -O 
 
Building file: "../navigate.c"
Invoking: Arm Compiler
"/home/edward/ti/ccs1220/ccs/tools/compiler/ti-cgt-arm_20.2.7.LTS/bin/armcl" -mv7M4 --code_state=16 --float_support=FPv4SPD16 -me --include_path="/home/edward/workspace_v12/b-broject" --include_path="/home/edward/ti/SW-TM4C-2.2.0.295" --include_path="/home/edward/ti/ccs1220/ccs/tools/compiler/ti-cgt-arm_20.2.7.LTS/include" --define=ccs="ccs" --define=PART_TM4C1294NCPDT -g --gcc --diag_warning=225 --diag_wrap=off --display_error_number --abi=eabi --preproc_with_compile --preproc_dependency="navigate.d_raw"  "../navigate.c"
 
>> Compilation failure
subdir_rules.mk:7: recipe for target 'navigate.obj' failed
"../navigate.c", line 42: error #20: identifier "pref_dir" is undefined
1 error detected in the compilation of "../navigate.c".
gmake: *** [navigate.obj] Error 1
gmake: Target 'all' not remade because of errors.

**** Build Finished ****

**** Build of configuration Debug for project b-broject ****

/home/edward/ti/ccs1220/ccs/utils/bin/gmake -k -j 4 all -O 
 
Building file: "../navigate.c"
Invoking: Arm Compiler
"/home/edward/ti/ccs1220/ccs/tools/compiler/ti-cgt-arm_20.2.7.LTS/bin/armcl" -mv7M4 --code_state=16 --float_support=FPv4SPD16 -me --include_path="/home/edward/workspace_v12/b-broject" --include_path="/home/edward/ti/SW-TM4C-2.2.0.295" --include_path="/home/edward/ti/ccs1220/ccs/tools/compiler/ti-cgt-arm_20.2.7.LTS/include" --define=ccs="ccs" --define=PART_TM4C1294NCPDT -g --gcc --diag_warning=225 --diag_wrap=off --display_error_number --abi=eabi --preproc_with_compile --preproc_dependency="navigate.d_raw"  "../navigate.c"
Finished building: "../navigate.c"
 
Building target: "b-broject.out"
Invoking: Arm Linker
"/home/edward/ti/ccs1220/ccs/tools/compiler/ti-cgt-arm_20.2.7.LTS/bin/armcl" -mv7M4 --code_state=16 --float_support=FPv4SPD16 -me --define=ccs="ccs" --define=PART_TM4C1294NCPDT -g --gcc --diag_warning=225 --diag_wrap=off --display_error_number --abi=eabi -z -m"b-broject.map" --heap_size=2048 --stack_size=2048 -i"/home/edward/ti/ccs1220/ccs/tools/compiler/ti-cgt-arm_20.2.7.LTS/lib" -i"/home/edward/ti/SW-TM4C-2.2.0.295/inc" -i"/home/edward/ti/ccs1220/ccs/tools/compiler/ti-cgt-arm_20.2.7.LTS/include" --reread_libs --diag_wrap=off --display_error_number --warn_sections --xml_link_info="b-broject_linkInfo.xml" --rom_model -o "b-broject.out" "./controller.obj" "./main.obj" "./navigate.obj" "./tm4c1294ncpdt_startup_ccs.obj" "./uart.obj" "./ultrasonic.obj" "../tm4c1294ncpdt.cmd"  -llibc.a -l"/home/edward/ti/SW-TM4C-2.2.0.295/driverlib/ccs/Debug/driverlib.lib" 
<Linking>
Finished building target: "b-broject.out"
 

**** Build Finished ****

**** Build of configuration Debug for project b-broject ****

/home/edward/ti/ccs1220/ccs/utils/bin/gmake -k -j 4 all -O 
 
Building file: "../main.c"
Invoking: Arm Compiler
"/home/edward/ti/ccs1220/ccs/tools/compiler/ti-cgt-arm_20.2.7.LTS/bin/armcl" -mv7M4 --code_state=16 --float_support=FPv4SPD16 -me --include_path="/home/edward/workspace_v12/b-broject" --include_path="/home/edward/ti/SW-TM4C-2.2.0.295" --include_path="/home/edward/ti/ccs1220/ccs/tools/compiler/ti-cgt-arm_20.2.7.LTS/include" --define=ccs="ccs" --define=PART_TM4C1294NCPDT -g --gcc --diag_warning=225 --diag_wrap=off --display_error_number --abi=eabi --preproc_with_compile --preproc_dependency="main.d_raw"  "../main.c"
Finished building: "../main.c"
 
Building target: "b-broject.out"
Invoking: Arm Linker
"/home/edward/ti/ccs1220/ccs/tools/compiler/ti-cgt-arm_20.2.7.LTS/bin/armcl" -mv7M4 --code_state=16 --float_support=FPv4SPD16 -me --define=ccs="ccs" --define=PART_TM4C1294NCPDT -g --gcc --diag_warning=225 --diag_wrap=off --display_error_number --abi=eabi -z -m"b-broject.map" --heap_size=2048 --stack_size=2048 -i"/home/edward/ti/ccs1220/ccs/tools/compiler/ti-cgt-arm_20.2.7.LTS/lib" -i"/home/edward/ti/SW-TM4C-2.2.0.295/inc" -i"/home/edward/ti/ccs1220/ccs/tools/compiler/ti-cgt-arm_20.2.7.LTS/include" --reread_libs --diag_wrap=off --display_error_number --warn_sections --xml_link_info="b-broject_linkInfo.xml" --rom_model -o "b-broject.out" "./controller.obj" "./main.obj" "./navigate.obj" "./tm4c1294ncpdt_startup_ccs.obj" "./uart.obj" "./ultrasonic.obj" "../tm4c1294ncpdt.cmd"  -llibc.a -l"/home/edward/ti/SW-TM4C-2.2.0.295/driverlib/ccs/Debug/driverlib.lib" 
<Linking>
Finished building target: "b-broject.out"
 

**** Build Finished ****
